\BOOKMARK [0][-]{Doc-Start}{\376\377\000L\000e\000m\000b\000a\000r\000\040\000P\000e\000n\000g\000e\000s\000a\000h\000a\000n}{}% 1
\BOOKMARK [0][-]{chapter*.1}{\376\377\000A\000b\000s\000t\000r\000a\000k}{}% 2
\BOOKMARK [0][-]{chapter*.3}{\376\377\000A\000b\000s\000t\000r\000a\000c\000t}{}% 3
\BOOKMARK [0][-]{chapter*.5}{\376\377\000D\000a\000f\000t\000a\000r\000\040\000I\000s\000i}{}% 4
\BOOKMARK [0][-]{chapter*.6}{\376\377\000D\000a\000f\000t\000a\000r\000\040\000G\000a\000m\000b\000a\000r}{}% 5
\BOOKMARK [0][-]{chapter*.7}{\376\377\000D\000a\000f\000t\000a\000r\000\040\000T\000a\000b\000e\000l}{}% 6
\BOOKMARK [0][-]{chapter*.8}{\376\377\000D\000a\000f\000t\000a\000r\000\040\000S\000i\000m\000b\000o\000l}{}% 7
\BOOKMARK [0][-]{chapter.1}{\376\377\000P\000e\000n\000d\000a\000h\000u\000l\000u\000a\000n}{}% 8
\BOOKMARK [1][-]{section.1.1}{\376\377\000L\000a\000t\000a\000r\000\040\000B\000e\000l\000a\000k\000a\000n\000g\000\040\000M\000a\000s\000a\000l\000a\000h}{chapter.1}% 9
\BOOKMARK [1][-]{section.1.2}{\376\377\000R\000u\000m\000u\000s\000a\000n\000\040\000M\000a\000s\000a\000l\000a\000h}{chapter.1}% 10
\BOOKMARK [1][-]{section.1.3}{\376\377\000B\000a\000t\000a\000s\000a\000n\000\040\000M\000a\000s\000a\000l\000a\000h}{chapter.1}% 11
\BOOKMARK [1][-]{section.1.4}{\376\377\000T\000u\000j\000u\000a\000n\000\040\000P\000e\000n\000e\000l\000i\000t\000i\000a\000n}{chapter.1}% 12
\BOOKMARK [1][-]{section.1.5}{\376\377\000M\000a\000n\000f\000a\000a\000t}{chapter.1}% 13
\BOOKMARK [0][-]{chapter.2}{\376\377\000T\000i\000n\000j\000a\000u\000a\000n\000\040\000P\000u\000s\000t\000a\000k\000a}{}% 14
\BOOKMARK [1][-]{section.2.1}{\376\377\000P\000e\000n\000e\000l\000i\000t\000i\000a\000n\000\040\000T\000e\000r\000d\000a\000h\000u\000l\000u}{chapter.2}% 15
\BOOKMARK [1][-]{section.2.2}{\376\377\000G\000i\000m}{chapter.2}% 16
\BOOKMARK [1][-]{section.2.3}{\376\377\000D\000e\000s\000a\000i\000n\000\040\000G\000i\000m}{chapter.2}% 17
\BOOKMARK [1][-]{section.2.4}{\376\377\000E\000k\000o\000n\000o\000m\000i\000\040\000G\000i\000m}{chapter.2}% 18
\BOOKMARK [1][-]{section.2.5}{\376\377\000S\000i\000s\000t\000e\000m\000\040\000R\000e\000w\000a\000r\000d}{chapter.2}% 19
\BOOKMARK [1][-]{section.2.6}{\376\377\000B\000a\000l\000a\000n\000c\000i\000n\000g}{chapter.2}% 20
\BOOKMARK [1][-]{section.2.7}{\376\377\000G\000r\000a\000f\000\040\000B\000e\000r\000a\000r\000a\000h}{chapter.2}% 21
\BOOKMARK [1][-]{section.2.8}{\376\377\000M\000o\000t\000i\000v\000a\000s\000i\000\040\000P\000e\000m\000a\000i\000n}{chapter.2}% 22
\BOOKMARK [1][-]{section.2.9}{\376\377\000A\000l\000g\000o\000r\000i\000t\000m\000a\000\040\000E\000v\000o\000l\000u\000s\000i\000o\000n\000e\000r}{chapter.2}% 23
\BOOKMARK [1][-]{section.2.10}{\376\377\000S\000i\000m\000u\000l\000a\000s\000i\000\040\000A\000g\000e\000n}{chapter.2}% 24
\BOOKMARK [0][-]{chapter.3}{\376\377\000M\000e\000t\000o\000d\000e\000\040\000P\000e\000n\000e\000l\000i\000t\000i\000a\000n}{}% 25
\BOOKMARK [1][-]{section.3.1}{\376\377\000T\000a\000h\000a\000p\000a\000n\000\040\000P\000e\000n\000e\000l\000i\000t\000i\000a\000n}{chapter.3}% 26
\BOOKMARK [1][-]{section.3.2}{\376\377\000S\000t\000u\000d\000i\000\040\000L\000i\000t\000e\000r\000a\000t\000u\000r}{chapter.3}% 27
\BOOKMARK [1][-]{section.3.3}{\376\377\000A\000n\000a\000l\000i\000s\000i\000s\000\040\000d\000a\000n\000\040\000P\000e\000r\000a\000n\000c\000a\000n\000g\000a\000n\000\040\000M\000o\000d\000e\000l\000\040\000S\000i\000s\000t\000e\000m\000\040\000R\000e\000w\000a\000r\000d}{chapter.3}% 28
\BOOKMARK [1][-]{section.3.4}{\376\377\000A\000n\000a\000l\000i\000s\000i\000s\000\040\000d\000a\000n\000\040\000P\000e\000r\000a\000n\000c\000a\000n\000g\000a\000n\000\040\000S\000i\000m\000u\000l\000a\000s\000i\000\040\000A\000g\000e\000n}{chapter.3}% 29
\BOOKMARK [1][-]{section.3.5}{\376\377\000P\000e\000r\000a\000n\000c\000a\000n\000g\000a\000n\000\040\000A\000l\000g\000o\000r\000i\000t\000m\000a\000\040\000E\000v\000o\000l\000u\000s\000i\000o\000n\000e\000r}{chapter.3}% 30
\BOOKMARK [1][-]{section.3.6}{\376\377\000U\000j\000i\000\040\000C\000o\000b\000a\000\040\000d\000a\000n\000\040\000D\000i\000s\000k\000u\000s\000i}{chapter.3}% 31
\BOOKMARK [1][-]{section.3.7}{\376\377\000A\000n\000a\000l\000i\000s\000i\000s\000\040\000H\000a\000s\000i\000l\000\040\000d\000a\000n\000\040\000P\000e\000n\000a\000r\000i\000k\000a\000n\000\040\000K\000e\000s\000i\000m\000p\000u\000l\000a\000n}{chapter.3}% 32
\BOOKMARK [0][-]{chapter.4}{\376\377\000H\000a\000s\000i\000l\000\040\000d\000a\000n\000\040\000P\000e\000m\000b\000a\000h\000a\000s\000a\000n}{}% 33
\BOOKMARK [1][-]{section.4.1}{\376\377\000I\000m\000p\000l\000e\000m\000e\000n\000t\000a\000s\000i\000\040\000M\000o\000d\000e\000l\000\040\000S\000i\000s\000t\000e\000m\000\040\000R\000e\000w\000a\000r\000d}{chapter.4}% 34
\BOOKMARK [2][-]{subsection.4.1.1}{\376\377\000R\000e\000p\000r\000e\000s\000e\000n\000t\000a\000s\000i\000\040\000S\000t\000r\000u\000k\000t\000u\000r\000\040\000G\000r\000a\000f}{section.4.1}% 35
\BOOKMARK [2][-]{subsection.4.1.2}{\376\377\000I\000m\000p\000l\000e\000m\000e\000n\000t\000a\000s\000i\000\040\000N\000o\000d\000e\000\040\000E\000k\000o\000n\000o\000m\000i}{section.4.1}% 36
\BOOKMARK [2][-]{subsection.4.1.3}{\376\377\000I\000m\000p\000l\000e\000m\000e\000n\000t\000a\000s\000i\000\040\000A\000l\000i\000r\000a\000n\000\040\000\050\000E\000d\000g\000e\000\051}{section.4.1}% 37
\BOOKMARK [1][-]{section.4.2}{\376\377\000I\000m\000p\000l\000e\000m\000e\000n\000t\000a\000s\000i\000\040\000S\000i\000m\000u\000l\000a\000s\000i\000\040\000A\000g\000e\000n}{chapter.4}% 38
\BOOKMARK [2][-]{subsection.4.2.1}{\376\377\000P\000e\000m\000b\000u\000a\000t\000a\000n\000\040\000E\000n\000t\000i\000t\000a\000s\000\040\000A\000g\000e\000n}{section.4.2}% 39
\BOOKMARK [2][-]{subsection.4.2.2}{\376\377\000L\000o\000g\000i\000k\000a\000\040\000I\000n\000t\000e\000r\000a\000k\000s\000i\000\040\000d\000a\000n\000\040\000K\000o\000n\000d\000i\000s\000i\000\040\000S\000t\000a\000t\000e}{section.4.2}% 40
\BOOKMARK [1][-]{section.4.3}{\376\377\000I\000m\000p\000l\000e\000m\000e\000n\000t\000a\000s\000i\000\040\000d\000a\000n\000\040\000I\000n\000t\000e\000g\000r\000a\000s\000i\000\040\000A\000l\000g\000o\000r\000i\000t\000m\000a\000\040\000E\000v\000o\000l\000u\000s\000i\000o\000n\000e\000r}{chapter.4}% 41
\BOOKMARK [2][-]{subsection.4.3.1}{\376\377\000R\000e\000p\000r\000e\000s\000e\000n\000t\000a\000s\000i\000\040\000K\000r\000o\000m\000o\000s\000o\000m\000\040\000K\000o\000n\000f\000i\000g\000u\000r\000a\000s\000i\000\040\000R\000e\000w\000a\000r\000d}{section.4.3}% 42
\BOOKMARK [2][-]{subsection.4.3.2}{\376\377\000F\000u\000n\000g\000s\000i\000\040\000F\000i\000t\000n\000e\000s\000s}{section.4.3}% 43
\BOOKMARK [1][-]{section.4.4}{\376\377\000P\000e\000l\000a\000k\000s\000a\000n\000a\000a\000n\000\040\000U\000j\000i\000\040\000C\000o\000b\000a\000\040\000d\000a\000n\000\040\000S\000t\000u\000d\000i\000\040\000K\000a\000s\000u\000s}{chapter.4}% 44
\BOOKMARK [2][-]{subsection.4.4.1}{\376\377\000S\000k\000e\000n\000a\000r\000i\000o\000\040\000U\000j\000i\000\040\000C\000o\000b\000a\000\040\000D\000i\000n\000a\000m\000i\000k\000a\000\040\000G\000r\000a\000f\000\040\000G\000e\000n\000e\000r\000a\000t\000i\000f}{section.4.4}% 45
\BOOKMARK [1][-]{section.4.5}{\376\377\000A\000n\000a\000l\000i\000s\000i\000s\000\040\000H\000a\000s\000i\000l}{chapter.4}% 46
\BOOKMARK [2][-]{subsection.4.5.1}{\376\377\000K\000e\000s\000t\000a\000b\000i\000l\000a\000n\000\040\000S\000u\000m\000b\000e\000r\000\040\000D\000a\000y\000a\000\040\000p\000a\000d\000a\000\040\000E\000k\000o\000n\000o\000m\000i\000\040\000G\000i\000m}{section.4.5}% 47
\BOOKMARK [2][-]{subsection.4.5.2}{\376\377\000A\000n\000a\000l\000i\000s\000i\000s\000\040\000D\000i\000n\000a\000m\000i\000k\000a\000\040\000d\000a\000n\000\040\000P\000e\000r\000i\000l\000a\000k\000u\000\040\000A\000g\000e\000n}{section.4.5}% 48
\BOOKMARK [2][-]{subsection.4.5.3}{\376\377\000E\000v\000a\000l\000u\000a\000s\000i\000\040\000K\000i\000n\000e\000r\000j\000a\000\040\000A\000l\000g\000o\000r\000i\000t\000m\000a\000\040\000E\000v\000o\000l\000u\000s\000i\000o\000n\000e\000r\000\040\000\050\000K\000o\000n\000v\000e\000r\000g\000e\000n\000s\000i\000\040\000F\000i\000t\000n\000e\000s\000s\000\051}{section.4.5}% 49
