This is pdfTeX, Version 3.141592653-2.6-1.40.27 (MiKTeX 25.4) (preloaded format=pdflatex 2025.7.29)  11 MAR 2026 16:08
entering extended mode
 restricted \write18 enabled.
 %&-line parsing enabled.
**./proposal/compile-here/proposal-main.tex
(proposal/compile-here/proposal-main.tex
LaTeX2e <2025-06-01> patch level 1
L3 programming layer <2025-07-19>
(TA-ITS.cls
Document Class: TA-ITS 
(C:\Users\MSI THIN 15 I7\AppData\Local\Programs\MiKTeX\tex/latex/base\book.cls
Document Class: book 2025/01/22 v1.4n Standard LaTeX document class
(C:\Users\MSI THIN 15 I7\AppData\Local\Programs\MiKTeX\tex/latex/base\bk12.clo
File: bk12.clo 2025/01/22 v1.4n Standard LaTeX file (size option)
)
\c@part=\count275
\c@chapter=\count276
\c@section=\count277
\c@subsection=\count278
\c@subsubsection=\count279
\c@paragraph=\count280
\c@subparagraph=\count281
\c@figure=\count282
\c@table=\count283
\abovecaptionskip=\skip49
\belowcaptionskip=\skip50
\bibindent=\dimen148
)
(C:\Users\MSI THIN 15 I7\AppData\Local\Programs\MiKTeX\tex/latex/geometry\geome
try.sty
Package: geometry 2020/01/02 v5.9 Page Geometry

(C:\Users\MSI THIN 15 I7\AppData\Local\Programs\MiKTeX\tex/latex/graphics\keyva
l.sty
Package: keyval 2022/05/29 v1.15 key=value parser (DPC)
\KV@toks@=\toks17
)
(C:\Users\MSI THIN 15 I7\AppData\Local\Programs\MiKTeX\tex/generic/iftex\ifvtex
.sty
Package: ifvtex 2019/10/25 v1.7 ifvtex legacy package. Use iftex instead.

(C:\Users\MSI THIN 15 I7\AppData\Local\Programs\MiKTeX\tex/generic/iftex\iftex.
sty
Package: iftex 2024/12/12 v1.0g TeX engine tests
))
\Gm@cnth=\count284
\Gm@cntv=\count285
\c@Gm@tempcnt=\count286
\Gm@bindingoffset=\dimen149
\Gm@wd@mp=\dimen150
\Gm@odd@mp=\dimen151
\Gm@even@mp=\dimen152
\Gm@layoutwidth=\dimen153
\Gm@layoutheight=\dimen154
\Gm@layouthoffset=\dimen155
\Gm@layoutvoffset=\dimen156
\Gm@dimlist=\toks18

(C:\Users\MSI THIN 15 I7\AppData\Local\Programs\MiKTeX\tex/latex/geometry\geome
try.cfg))
(C:\Users\MSI THIN 15 I7\AppData\Local\Programs\MiKTeX\tex/latex/amsmath\amsmat
h.sty
Package: amsmath 2025/06/16 v2.17y AMS math features
\@mathmargin=\skip51

For additional information on amsmath, use the `?' option.

(C:\Users\MSI THIN 15 I7\AppData\Local\Programs\MiKTeX\tex/latex/amsmath\amstex
t.sty
Package: amstext 2024/11/17 v2.01 AMS text

(C:\Users\MSI THIN 15 I7\AppData\Local\Programs\MiKTeX\tex/latex/amsmath\amsgen
.sty
File: amsgen.sty 1999/11/30 v2.0 generic functions
\@emptytoks=\toks19
\ex@=\dimen157
))
(C:\Users\MSI THIN 15 I7\AppData\Local\Programs\MiKTeX\tex/latex/amsmath\amsbsy
.sty
Package: amsbsy 1999/11/29 v1.2d Bold Symbols
\pmbraise@=\dimen158
)
(C:\Users\MSI THIN 15 I7\AppData\Local\Programs\MiKTeX\tex/latex/amsmath\amsopn
.sty
Package: amsopn 2022/04/08 v2.04 operator names
)
\inf@bad=\count287
LaTeX Info: Redefining \frac on input line 233.
\uproot@=\count288
\leftroot@=\count289
LaTeX Info: Redefining \overline on input line 398.
LaTeX Info: Redefining \colon on input line 409.
\classnum@=\count290
\DOTSCASE@=\count291
LaTeX Info: Redefining \ldots on input line 495.
LaTeX Info: Redefining \dots on input line 498.
LaTeX Info: Redefining \cdots on input line 619.
\Mathstrutbox@=\box53
\strutbox@=\box54
LaTeX Info: Redefining \big on input line 721.
LaTeX Info: Redefining \Big on input line 722.
LaTeX Info: Redefining \bigg on input line 723.
LaTeX Info: Redefining \Bigg on input line 724.
\big@size=\dimen159
LaTeX Font Info:    Redeclaring font encoding OML on input line 742.
LaTeX Font Info:    Redeclaring font encoding OMS on input line 743.
\macc@depth=\count292
LaTeX Info: Redefining \bmod on input line 904.
LaTeX Info: Redefining \pmod on input line 909.
LaTeX Info: Redefining \smash on input line 939.
LaTeX Info: Redefining \relbar on input line 969.
LaTeX Info: Redefining \Relbar on input line 970.
\c@MaxMatrixCols=\count293
\dotsspace@=\muskip17
\c@parentequation=\count294
\dspbrk@lvl=\count295
\tag@help=\toks20
\row@=\count296
\column@=\count297
\maxfields@=\count298
\andhelp@=\toks21
\eqnshift@=\dimen160
\alignsep@=\dimen161
\tagshift@=\dimen162
\tagwidth@=\dimen163
\totwidth@=\dimen164
\lineht@=\dimen165
\@envbody=\toks22
\multlinegap=\skip52
\multlinetaggap=\skip53
\mathdisplay@stack=\toks23
LaTeX Info: Redefining \[ on input line 2949.
LaTeX Info: Redefining \] on input line 2950.
)
(C:\Users\MSI THIN 15 I7\AppData\Local\Programs\MiKTeX\tex/latex/amscls\amsthm.
sty
Package: amsthm 2020/05/29 v2.20.6
\thm@style=\toks24
\thm@bodyfont=\toks25
\thm@headfont=\toks26
\thm@notefont=\toks27
\thm@headpunct=\toks28
\thm@preskip=\skip54
\thm@postskip=\skip55
\thm@headsep=\skip56
\dth@everypar=\toks29
)
(C:\Users\MSI THIN 15 I7\AppData\Local\Programs\MiKTeX\tex/latex/amsfonts\amsfo
nts.sty
Package: amsfonts 2013/01/14 v3.01 Basic AMSFonts support
\symAMSa=\mathgroup4
\symAMSb=\mathgroup5
LaTeX Font Info:    Redeclaring math symbol \hbar on input line 98.
LaTeX Font Info:    Overwriting math alphabet `\mathfrak' in version `bold'
(Font)                  U/euf/m/n --> U/euf/b/n on input line 106.
)
(C:\Users\MSI THIN 15 I7\AppData\Local\Programs\MiKTeX\tex/latex/amsfonts\amssy
mb.sty
Package: amssymb 2013/01/14 v3.01 AMS font symbols
)
(C:\Users\MSI THIN 15 I7\AppData\Local\Programs\MiKTeX\tex/latex/enumitem\enumi
tem.sty
Package: enumitem 2025/02/06 v3.11 Customized lists
\labelindent=\skip57
\enit@outerparindent=\dimen166
\enit@toks=\toks30
\enit@inbox=\box55
\enit@count@id=\count299
\enitdp@description=\count300
)
(C:\Users\MSI THIN 15 I7\AppData\Local\Programs\MiKTeX\tex/latex/fancyhdr\fancy
hdr.sty
Package: fancyhdr 2025/02/07 v5.2 Extensive control of page headers and footers

\f@nch@headwidth=\skip58
\f@nch@offset@elh=\skip59
\f@nch@offset@erh=\skip60
\f@nch@offset@olh=\skip61
\f@nch@offset@orh=\skip62
\f@nch@offset@elf=\skip63
\f@nch@offset@erf=\skip64
\f@nch@offset@olf=\skip65
\f@nch@offset@orf=\skip66
\f@nch@height=\skip67
\f@nch@footalignment=\skip68
\f@nch@widthL=\skip69
\f@nch@widthC=\skip70
\f@nch@widthR=\skip71
\@temptokenb=\toks31
)
(C:\Users\MSI THIN 15 I7\AppData\Local\Programs\MiKTeX\tex/latex/tools\hhline.s
ty
Package: hhline 2020/01/04 v2.04 Table rule package (DPC)
)
(C:\Users\MSI THIN 15 I7\AppData\Local\Programs\MiKTeX\tex/latex/colortbl\color
tbl.sty
Package: colortbl 2024/10/29 v1.0k Color table columns (DPC)

(C:\Users\MSI THIN 15 I7\AppData\Local\Programs\MiKTeX\tex/latex/tools\array.st
y
Package: array 2025/06/08 v2.6j Tabular extension package (FMi)
\col@sep=\dimen167
\ar@mcellbox=\box56
\extrarowheight=\dimen168
\NC@list=\toks32
\extratabsurround=\skip72
\backup@length=\skip73
\ar@cellbox=\box57
)
(C:\Users\MSI THIN 15 I7\AppData\Local\Programs\MiKTeX\tex/latex/graphics\color
.sty
Package: color 2025/01/14 v1.3e Standard LaTeX Color (DPC)

(C:\Users\MSI THIN 15 I7\AppData\Local\Programs\MiKTeX\tex/latex/graphics-cfg\c
olor.cfg
File: color.cfg 2016/01/02 v1.6 sample color configuration
)
Package color Info: Driver file: pdftex.def on input line 149.

(C:\Users\MSI THIN 15 I7\AppData\Local\Programs\MiKTeX\tex/latex/graphics-def\p
dftex.def
File: pdftex.def 2024/04/13 v1.2c Graphics/color driver for pdftex
)
(C:\Users\MSI THIN 15 I7\AppData\Local\Programs\MiKTeX\tex/latex/graphics\mathc
olor.ltx))
\everycr=\toks33
\minrowclearance=\skip74
\rownum=\count301
)
(C:\Users\MSI THIN 15 I7\AppData\Local\Programs\MiKTeX\tex/latex/xcolor\xcolor.
sty
Package: xcolor 2024/09/29 v3.02 LaTeX color extensions (UK)

(C:\Users\MSI THIN 15 I7\AppData\Local\Programs\MiKTeX\tex/latex/graphics-cfg\c
olor.cfg
File: color.cfg 2016/01/02 v1.6 sample color configuration
)
Package xcolor Info: Driver file: pdftex.def on input line 274.
LaTeX Info: Redefining \color on input line 762.

(C:\Users\MSI THIN 15 I7\AppData\Local\Programs\MiKTeX\tex/latex/graphics\mathc
olor.ltx)
Package xcolor Info: Model `cmy' substituted by `cmy0' on input line 1349.
Package xcolor Info: Model `hsb' substituted by `rgb' on input line 1353.
Package xcolor Info: Model `RGB' extended on input line 1365.
Package xcolor Info: Model `HTML' substituted by `rgb' on input line 1367.
Package xcolor Info: Model `Hsb' substituted by `hsb' on input line 1368.
Package xcolor Info: Model `tHsb' substituted by `hsb' on input line 1369.
Package xcolor Info: Model `HSB' substituted by `hsb' on input line 1370.
Package xcolor Info: Model `Gray' substituted by `gray' on input line 1371.
Package xcolor Info: Model `wave' substituted by `hsb' on input line 1372.
)
(C:\Users\MSI THIN 15 I7\AppData\Local\Programs\MiKTeX\tex/latex/graphics\graph
icx.sty
Package: graphicx 2024/12/31 v1.2e Enhanced LaTeX Graphics (DPC,SPQR)

(C:\Users\MSI THIN 15 I7\AppData\Local\Programs\MiKTeX\tex/latex/graphics\graph
ics.sty
Package: graphics 2024/08/06 v1.4g Standard LaTeX Graphics (DPC,SPQR)

(C:\Users\MSI THIN 15 I7\AppData\Local\Programs\MiKTeX\tex/latex/graphics\trig.
sty
Package: trig 2023/12/02 v1.11 sin cos tan (DPC)
)
(C:\Users\MSI THIN 15 I7\AppData\Local\Programs\MiKTeX\tex/latex/graphics-cfg\g
raphics.cfg
File: graphics.cfg 2016/06/04 v1.11 sample graphics configuration
)
Package graphics Info: Driver file: pdftex.def on input line 106.
)
\Gin@req@height=\dimen169
\Gin@req@width=\dimen170
)
(C:\Users\MSI THIN 15 I7\AppData\Local\Programs\MiKTeX\tex/latex/tools\indentfi
rst.sty
Package: indentfirst 2023/07/02 v1.03 Indent first paragraph (DPC)
)
(C:\Users\MSI THIN 15 I7\AppData\Local\Programs\MiKTeX\tex/latex/titlesec\title
sec.sty
Package: titlesec 2025/01/04 v2.17 Sectioning titles
\ttl@box=\box58
\beforetitleunit=\skip75
\aftertitleunit=\skip76
\ttl@plus=\dimen171
\ttl@minus=\dimen172
\ttl@toksa=\toks34
\titlewidth=\dimen173
\titlewidthlast=\dimen174
\titlewidthfirst=\dimen175
)
(C:\Users\MSI THIN 15 I7\AppData\Local\Programs\MiKTeX\tex/latex/tools\multicol
.sty
Package: multicol 2025/05/25 v2.0a multicolumn formatting (FMi)
\c@tracingmulticols=\count302
\mult@box=\box59
\multicol@leftmargin=\dimen176
\c@unbalance=\count303
\c@collectmore=\count304
\doublecol@number=\count305
\multicoltolerance=\count306
\multicolpretolerance=\count307
\full@width=\dimen177
\page@free=\dimen178
\premulticols=\dimen179
\postmulticols=\dimen180
\multicolsep=\skip77
\multicolbaselineskip=\skip78
\partial@page=\box60
\last@line=\box61
\mc@boxedresult=\box62
\maxbalancingoverflow=\dimen181
\mult@rightbox=\box63
\mult@grightbox=\box64
\mult@firstbox=\box65
\mult@gfirstbox=\box66
\@tempa=\box67
\@tempa=\box68
\@tempa=\box69
\@tempa=\box70
\@tempa=\box71
\@tempa=\box72
\@tempa=\box73
\@tempa=\box74
\@tempa=\box75
\@tempa=\box76
\@tempa=\box77
\@tempa=\box78
\@tempa=\box79
\@tempa=\box80
\@tempa=\box81
\@tempa=\box82
\@tempa=\box83
\@tempa=\box84
\@tempa=\box85
\@tempa=\box86
\@tempa=\box87
\@tempa=\box88
\@tempa=\box89
\@tempa=\box90
\@tempa=\box91
\@tempa=\box92
\@tempa=\box93
\@tempa=\box94
\@tempa=\box95
\@tempa=\box96
\@tempa=\box97
\@tempa=\box98
\@tempa=\box99
\@tempa=\box100
\@tempa=\box101
\@tempa=\box102
\c@minrows=\count308
\c@columnbadness=\count309
\c@finalcolumnbadness=\count310
\last@try=\dimen182
\multicolovershoot=\dimen183
\multicolundershoot=\dimen184
\mult@nat@firstbox=\box103
\colbreak@box=\box104
\mc@col@check@num=\count311
\g__mc_curr_col_int=\count312
)
(C:\Users\MSI THIN 15 I7\AppData\Local\Programs\MiKTeX\tex/latex/multirow\multi
row.sty
Package: multirow 2024/11/12 v2.9 Span multiple rows of a table
\multirow@colwidth=\skip79
\multirow@cntb=\count313
\multirow@dima=\skip80
\bigstrutjot=\dimen185
)
(C:\Users\MSI THIN 15 I7\AppData\Local\Programs\MiKTeX\tex/latex/titlesec\title
toc.sty
Package: titletoc 2025/01/04 v2.17 TOC entries
\ttl@leftsep=\dimen186
)
(C:\Users\MSI THIN 15 I7\AppData\Local\Programs\MiKTeX\tex/latex/appendix\appen
dix.sty
Package: appendix 2020/02/08 v1.2c extra appendix facilities
\c@@pps=\count314
\c@@ppsavesec=\count315
\c@@ppsaveapp=\count316
)
(C:\Users\MSI THIN 15 I7\AppData\Local\Programs\MiKTeX\tex/latex/xurl\xurl.sty
Package: xurl 2022/01/09 v 0.10 modify URL breaks

(C:\Users\MSI THIN 15 I7\AppData\Local\Programs\MiKTeX\tex/latex/url\url.sty
\Urlmuskip=\muskip18
Package: url 2013/09/16  ver 3.4  Verb mode for urls, etc.
))
(C:\Users\MSI THIN 15 I7\AppData\Local\Programs\MiKTeX\tex/latex/hyperref\hyper
ref.sty
Package: hyperref 2025-07-12 v7.01o Hypertext links for LaTeX

(C:\Users\MSI THIN 15 I7\AppData\Local\Programs\MiKTeX\tex/latex/kvsetkeys\kvse
tkeys.sty
Package: kvsetkeys 2022-10-05 v1.19 Key value parser (HO)
)
(C:\Users\MSI THIN 15 I7\AppData\Local\Programs\MiKTeX\tex/generic/kvdefinekeys
\kvdefinekeys.sty
Package: kvdefinekeys 2019-12-19 v1.6 Define keys (HO)
)
(C:\Users\MSI THIN 15 I7\AppData\Local\Programs\MiKTeX\tex/generic/pdfescape\pd
fescape.sty
Package: pdfescape 2019/12/09 v1.15 Implements pdfTeX's escape features (HO)

(C:\Users\MSI THIN 15 I7\AppData\Local\Programs\MiKTeX\tex/generic/ltxcmds\ltxc
mds.sty
Package: ltxcmds 2023-12-04 v1.26 LaTeX kernel commands for general use (HO)
)
(C:\Users\MSI THIN 15 I7\AppData\Local\Programs\MiKTeX\tex/generic/pdftexcmds\p
dftexcmds.sty
Package: pdftexcmds 2020-06-27 v0.33 Utility functions of pdfTeX for LuaTeX (HO
)

(C:\Users\MSI THIN 15 I7\AppData\Local\Programs\MiKTeX\tex/generic/infwarerr\in
fwarerr.sty
Package: infwarerr 2019/12/03 v1.5 Providing info/warning/error messages (HO)
)
Package pdftexcmds Info: \pdf@primitive is available.
Package pdftexcmds Info: \pdf@ifprimitive is available.
Package pdftexcmds Info: \pdfdraftmode found.
))
(C:\Users\MSI THIN 15 I7\AppData\Local\Programs\MiKTeX\tex/latex/hycolor\hycolo
r.sty
Package: hycolor 2020-01-27 v1.10 Color options for hyperref/bookmark (HO)
)
(C:\Users\MSI THIN 15 I7\AppData\Local\Programs\MiKTeX\tex/latex/hyperref\namer
ef.sty
Package: nameref 2025-06-21 v2.57 Cross-referencing by name of section

(C:\Users\MSI THIN 15 I7\AppData\Local\Programs\MiKTeX\tex/latex/refcount\refco
unt.sty
Package: refcount 2019/12/15 v3.6 Data extraction from label references (HO)
)
(C:\Users\MSI THIN 15 I7\AppData\Local\Programs\MiKTeX\tex/generic/gettitlestri
ng\gettitlestring.sty
Package: gettitlestring 2019/12/15 v1.6 Cleanup title references (HO)

(C:\Users\MSI THIN 15 I7\AppData\Local\Programs\MiKTeX\tex/latex/kvoptions\kvop
tions.sty
Package: kvoptions 2022-06-15 v3.15 Key value format for package options (HO)
))
\c@section@level=\count317
)
(C:\Users\MSI THIN 15 I7\AppData\Local\Programs\MiKTeX\tex/latex/etoolbox\etool
box.sty
Package: etoolbox 2025/02/11 v2.5l e-TeX tools for LaTeX (JAW)
\etb@tempcnta=\count318
)
(C:\Users\MSI THIN 15 I7\AppData\Local\Programs\MiKTeX\tex/generic/stringenc\st
ringenc.sty
Package: stringenc 2019/11/29 v1.12 Convert strings between diff. encodings (HO
)
)
\@linkdim=\dimen187
\Hy@linkcounter=\count319
\Hy@pagecounter=\count320

(C:\Users\MSI THIN 15 I7\AppData\Local\Programs\MiKTeX\tex/latex/hyperref\pd1en
c.def
File: pd1enc.def 2025-07-12 v7.01o Hyperref: PDFDocEncoding definition (HO)
Now handling font encoding PD1 ...
... no UTF-8 mapping file for font encoding PD1
)
(C:\Users\MSI THIN 15 I7\AppData\Local\Programs\MiKTeX\tex/generic/intcalc\intc
alc.sty
Package: intcalc 2019/12/15 v1.3 Expandable calculations with integers (HO)
)
\Hy@SavedSpaceFactor=\count321

(C:\Users\MSI THIN 15 I7\AppData\Local\Programs\MiKTeX\tex/latex/hyperref\puenc
.def
File: puenc.def 2025-07-12 v7.01o Hyperref: PDF Unicode definition (HO)
Now handling font encoding PU ...
... no UTF-8 mapping file for font encoding PU
)
Package hyperref Info: Hyper figures OFF on input line 4195.
Package hyperref Info: Link nesting OFF on input line 4200.
Package hyperref Info: Hyper index ON on input line 4203.
Package hyperref Info: Plain pages OFF on input line 4210.
Package hyperref Info: Backreferencing OFF on input line 4215.
Package hyperref Info: Implicit mode ON; LaTeX internals redefined.
Package hyperref Info: Bookmarks ON on input line 4462.
\c@Hy@tempcnt=\count322
LaTeX Info: Redefining \url on input line 4801.
\XeTeXLinkMargin=\dimen188

(C:\Users\MSI THIN 15 I7\AppData\Local\Programs\MiKTeX\tex/generic/bitset\bitse
t.sty
Package: bitset 2019/12/09 v1.3 Handle bit-vector datatype (HO)

(C:\Users\MSI THIN 15 I7\AppData\Local\Programs\MiKTeX\tex/generic/bigintcalc\b
igintcalc.sty
Package: bigintcalc 2019/12/15 v1.5 Expandable calculations on big integers (HO
)
))
\Fld@menulength=\count323
\Field@Width=\dimen189
\Fld@charsize=\dimen190
Package hyperref Info: Hyper figures OFF on input line 6078.
Package hyperref Info: Link nesting OFF on input line 6083.
Package hyperref Info: Hyper index ON on input line 6086.
Package hyperref Info: backreferencing OFF on input line 6093.
Package hyperref Info: Link coloring OFF on input line 6098.
Package hyperref Info: Link coloring with OCG OFF on input line 6103.
Package hyperref Info: PDF/A mode OFF on input line 6108.
\Hy@abspage=\count324
\c@Item=\count325
\c@Hfootnote=\count326
)
Package hyperref Info: Driver (autodetected): hpdftex.

(C:\Users\MSI THIN 15 I7\AppData\Local\Programs\MiKTeX\tex/latex/hyperref\hpdft
ex.def
File: hpdftex.def 2025-07-12 v7.01o Hyperref driver for pdfTeX
\Fld@listcount=\count327
\c@bookmark@seq@number=\count328

(C:\Users\MSI THIN 15 I7\AppData\Local\Programs\MiKTeX\tex/latex/rerunfilecheck
\rerunfilecheck.sty
Package: rerunfilecheck 2025-06-21 v1.11 Rerun checks for auxiliary files (HO)

(C:\Users\MSI THIN 15 I7\AppData\Local\Programs\MiKTeX\tex/generic/uniquecounte
r\uniquecounter.sty
Package: uniquecounter 2019/12/15 v1.4 Provide unlimited unique counter (HO)
)
Package uniquecounter Info: New unique counter `rerunfilecheck' on input line 2
84.
)
\Hy@SectionHShift=\skip81
)
(C:\Users\MSI THIN 15 I7\AppData\Local\Programs\MiKTeX\tex/latex/pdfpages\pdfpa
ges.sty
Package: pdfpages 2025/07/23 v0.6g Insert pages of external PDF documents (AM)

(C:\Users\MSI THIN 15 I7\AppData\Local\Programs\MiKTeX\tex/latex/base\ifthen.st
y
Package: ifthen 2024/03/16 v1.1e Standard LaTeX ifthen package (DPC)
)
(C:\Users\MSI THIN 15 I7\AppData\Local\Programs\MiKTeX\tex/latex/tools\calc.sty
Package: calc 2025/03/01 v4.3b Infix arithmetic (KKT,FJ)
\calc@Acount=\count329
\calc@Bcount=\count330
\calc@Adimen=\dimen191
\calc@Bdimen=\dimen192
\calc@Askip=\skip82
\calc@Bskip=\skip83
LaTeX Info: Redefining \setlength on input line 86.
LaTeX Info: Redefining \addtolength on input line 87.
\calc@Ccount=\count331
\calc@Cskip=\skip84
)
(C:\Users\MSI THIN 15 I7\AppData\Local\Programs\MiKTeX\tex/latex/eso-pic\eso-pi
c.sty
Package: eso-pic 2025/12/10 v3.0d eso-pic (RN)
\ESO@tempdima=\dimen193
\ESO@tempdimb=\dimen194
)
\AM@pagewidth=\dimen195
\AM@pageheight=\dimen196
\AM@fboxrule=\dimen197

(C:\Users\MSI THIN 15 I7\AppData\Local\Programs\MiKTeX\tex/latex/pdfpages\pppdf
tex.def
File: pppdftex.def 2025/07/23 v0.6g Pdfpages driver for pdfTeX (AM)
)
\pdfpages@includegraphics@status=\count332
\AM@pagebox=\box105
\AM@global@opts=\toks35
\AM@pagecnt=\count333
\AM@toc@title=\toks36
\AM@lof@heading=\toks37
\c@AM@survey=\count334
\AM@templatesizebox=\box106
)
(C:\Users\MSI THIN 15 I7\AppData\Local\Programs\MiKTeX\tex/latex/float\float.st
y
Package: float 2001/11/08 v1.3d Float enhancements (AL)
\c@float@type=\count335
\float@exts=\toks38
\float@box=\box107
\@float@everytoks=\toks39
\@floatcapt=\box108
)
(C:\Users\MSI THIN 15 I7\AppData\Local\Programs\MiKTeX\tex/latex/placeins\place
ins.sty
Package: placeins 2005/04/18  v 2.2
)
(C:\Users\MSI THIN 15 I7\AppData\Local\Programs\MiKTeX\tex/latex/pgf/frontendla
yer\tikz.sty
(C:\Users\MSI THIN 15 I7\AppData\Local\Programs\MiKTeX\tex/latex/pgf/basiclayer
\pgf.sty
(C:\Users\MSI THIN 15 I7\AppData\Local\Programs\MiKTeX\tex/latex/pgf/utilities\
pgfrcs.sty
(C:\Users\MSI THIN 15 I7\AppData\Local\Programs\MiKTeX\tex/generic/pgf/utilitie
s\pgfutil-common.tex
\pgfutil@everybye=\toks40
\pgfutil@tempdima=\dimen198
\pgfutil@tempdimb=\dimen199
)
(C:\Users\MSI THIN 15 I7\AppData\Local\Programs\MiKTeX\tex/generic/pgf/utilitie
s\pgfutil-latex.def
\pgfutil@abb=\box109
)
(C:\Users\MSI THIN 15 I7\AppData\Local\Programs\MiKTeX\tex/generic/pgf/utilitie
s\pgfrcs.code.tex
(C:\Users\MSI THIN 15 I7\AppData\Local\Programs\MiKTeX\tex/generic/pgf\pgf.revi
sion.tex)
Package: pgfrcs 2023-01-15 v3.1.10 (3.1.10)
))
Package: pgf 2023-01-15 v3.1.10 (3.1.10)

(C:\Users\MSI THIN 15 I7\AppData\Local\Programs\MiKTeX\tex/latex/pgf/basiclayer
\pgfcore.sty
(C:\Users\MSI THIN 15 I7\AppData\Local\Programs\MiKTeX\tex/latex/pgf/systemlaye
r\pgfsys.sty
(C:\Users\MSI THIN 15 I7\AppData\Local\Programs\MiKTeX\tex/generic/pgf/systemla
yer\pgfsys.code.tex
Package: pgfsys 2023-01-15 v3.1.10 (3.1.10)

(C:\Users\MSI THIN 15 I7\AppData\Local\Programs\MiKTeX\tex/generic/pgf/utilitie
s\pgfkeys.code.tex
\pgfkeys@pathtoks=\toks41
\pgfkeys@temptoks=\toks42

(C:\Users\MSI THIN 15 I7\AppData\Local\Programs\MiKTeX\tex/generic/pgf/utilitie
s\pgfkeyslibraryfiltered.code.tex
\pgfkeys@tmptoks=\toks43
))
\pgf@x=\dimen256
\pgf@y=\dimen257
\pgf@xa=\dimen258
\pgf@ya=\dimen259
\pgf@xb=\dimen260
\pgf@yb=\dimen261
\pgf@xc=\dimen262
\pgf@yc=\dimen263
\pgf@xd=\dimen264
\pgf@yd=\dimen265
\w@pgf@writea=\write3
\r@pgf@reada=\read2
\c@pgf@counta=\count336
\c@pgf@countb=\count337
\c@pgf@countc=\count338
\c@pgf@countd=\count339
\t@pgf@toka=\toks44
\t@pgf@tokb=\toks45
\t@pgf@tokc=\toks46
\pgf@sys@id@count=\count340

(C:\Users\MSI THIN 15 I7\AppData\Local\Programs\MiKTeX\tex/generic/pgf/systemla
yer\pgf.cfg
File: pgf.cfg 2023-01-15 v3.1.10 (3.1.10)
)
Driver file for pgf: pgfsys-pdftex.def

(C:\Users\MSI THIN 15 I7\AppData\Local\Programs\MiKTeX\tex/generic/pgf/systemla
yer\pgfsys-pdftex.def
File: pgfsys-pdftex.def 2023-01-15 v3.1.10 (3.1.10)

(C:\Users\MSI THIN 15 I7\AppData\Local\Programs\MiKTeX\tex/generic/pgf/systemla
yer\pgfsys-common-pdf.def
File: pgfsys-common-pdf.def 2023-01-15 v3.1.10 (3.1.10)
)))
(C:\Users\MSI THIN 15 I7\AppData\Local\Programs\MiKTeX\tex/generic/pgf/systemla
yer\pgfsyssoftpath.code.tex
File: pgfsyssoftpath.code.tex 2023-01-15 v3.1.10 (3.1.10)
\pgfsyssoftpath@smallbuffer@items=\count341
\pgfsyssoftpath@bigbuffer@items=\count342
)
(C:\Users\MSI THIN 15 I7\AppData\Local\Programs\MiKTeX\tex/generic/pgf/systemla
yer\pgfsysprotocol.code.tex
File: pgfsysprotocol.code.tex 2023-01-15 v3.1.10 (3.1.10)
))
(C:\Users\MSI THIN 15 I7\AppData\Local\Programs\MiKTeX\tex/generic/pgf/basiclay
er\pgfcore.code.tex
Package: pgfcore 2023-01-15 v3.1.10 (3.1.10)

(C:\Users\MSI THIN 15 I7\AppData\Local\Programs\MiKTeX\tex/generic/pgf/math\pgf
math.code.tex
(C:\Users\MSI THIN 15 I7\AppData\Local\Programs\MiKTeX\tex/generic/pgf/math\pgf
mathutil.code.tex)
(C:\Users\MSI THIN 15 I7\AppData\Local\Programs\MiKTeX\tex/generic/pgf/math\pgf
mathparser.code.tex
\pgfmath@dimen=\dimen266
\pgfmath@count=\count343
\pgfmath@box=\box110
\pgfmath@toks=\toks47
\pgfmath@stack@operand=\toks48
\pgfmath@stack@operation=\toks49
)
(C:\Users\MSI THIN 15 I7\AppData\Local\Programs\MiKTeX\tex/generic/pgf/math\pgf
mathfunctions.code.tex)
(C:\Users\MSI THIN 15 I7\AppData\Local\Programs\MiKTeX\tex/generic/pgf/math\pgf
mathfunctions.basic.code.tex)
(C:\Users\MSI THIN 15 I7\AppData\Local\Programs\MiKTeX\tex/generic/pgf/math\pgf
mathfunctions.trigonometric.code.tex)
(C:\Users\MSI THIN 15 I7\AppData\Local\Programs\MiKTeX\tex/generic/pgf/math\pgf
mathfunctions.random.code.tex)
(C:\Users\MSI THIN 15 I7\AppData\Local\Programs\MiKTeX\tex/generic/pgf/math\pgf
mathfunctions.comparison.code.tex)
(C:\Users\MSI THIN 15 I7\AppData\Local\Programs\MiKTeX\tex/generic/pgf/math\pgf
mathfunctions.base.code.tex)
(C:\Users\MSI THIN 15 I7\AppData\Local\Programs\MiKTeX\tex/generic/pgf/math\pgf
mathfunctions.round.code.tex)
(C:\Users\MSI THIN 15 I7\AppData\Local\Programs\MiKTeX\tex/generic/pgf/math\pgf
mathfunctions.misc.code.tex)
(C:\Users\MSI THIN 15 I7\AppData\Local\Programs\MiKTeX\tex/generic/pgf/math\pgf
mathfunctions.integerarithmetics.code.tex)
(C:\Users\MSI THIN 15 I7\AppData\Local\Programs\MiKTeX\tex/generic/pgf/math\pgf
mathcalc.code.tex)
(C:\Users\MSI THIN 15 I7\AppData\Local\Programs\MiKTeX\tex/generic/pgf/math\pgf
mathfloat.code.tex
\c@pgfmathroundto@lastzeros=\count344
))
(C:\Users\MSI THIN 15 I7\AppData\Local\Programs\MiKTeX\tex/generic/pgf/math\pgf
int.code.tex)
(C:\Users\MSI THIN 15 I7\AppData\Local\Programs\MiKTeX\tex/generic/pgf/basiclay
er\pgfcorepoints.code.tex
File: pgfcorepoints.code.tex 2023-01-15 v3.1.10 (3.1.10)
\pgf@picminx=\dimen267
\pgf@picmaxx=\dimen268
\pgf@picminy=\dimen269
\pgf@picmaxy=\dimen270
\pgf@pathminx=\dimen271
\pgf@pathmaxx=\dimen272
\pgf@pathminy=\dimen273
\pgf@pathmaxy=\dimen274
\pgf@xx=\dimen275
\pgf@xy=\dimen276
\pgf@yx=\dimen277
\pgf@yy=\dimen278
\pgf@zx=\dimen279
\pgf@zy=\dimen280
)
(C:\Users\MSI THIN 15 I7\AppData\Local\Programs\MiKTeX\tex/generic/pgf/basiclay
er\pgfcorepathconstruct.code.tex
File: pgfcorepathconstruct.code.tex 2023-01-15 v3.1.10 (3.1.10)
\pgf@path@lastx=\dimen281
\pgf@path@lasty=\dimen282
)
(C:\Users\MSI THIN 15 I7\AppData\Local\Programs\MiKTeX\tex/generic/pgf/basiclay
er\pgfcorepathusage.code.tex
File: pgfcorepathusage.code.tex 2023-01-15 v3.1.10 (3.1.10)
\pgf@shorten@end@additional=\dimen283
\pgf@shorten@start@additional=\dimen284
)
(C:\Users\MSI THIN 15 I7\AppData\Local\Programs\MiKTeX\tex/generic/pgf/basiclay
er\pgfcorescopes.code.tex
File: pgfcorescopes.code.tex 2023-01-15 v3.1.10 (3.1.10)
\pgfpic=\box111
\pgf@hbox=\box112
\pgf@layerbox@main=\box113
\pgf@picture@serial@count=\count345
)
(C:\Users\MSI THIN 15 I7\AppData\Local\Programs\MiKTeX\tex/generic/pgf/basiclay
er\pgfcoregraphicstate.code.tex
File: pgfcoregraphicstate.code.tex 2023-01-15 v3.1.10 (3.1.10)
\pgflinewidth=\dimen285
)
(C:\Users\MSI THIN 15 I7\AppData\Local\Programs\MiKTeX\tex/generic/pgf/basiclay
er\pgfcoretransformations.code.tex
File: pgfcoretransformations.code.tex 2023-01-15 v3.1.10 (3.1.10)
\pgf@pt@x=\dimen286
\pgf@pt@y=\dimen287
\pgf@pt@temp=\dimen288
)
(C:\Users\MSI THIN 15 I7\AppData\Local\Programs\MiKTeX\tex/generic/pgf/basiclay
er\pgfcorequick.code.tex
File: pgfcorequick.code.tex 2023-01-15 v3.1.10 (3.1.10)
)
(C:\Users\MSI THIN 15 I7\AppData\Local\Programs\MiKTeX\tex/generic/pgf/basiclay
er\pgfcoreobjects.code.tex
File: pgfcoreobjects.code.tex 2023-01-15 v3.1.10 (3.1.10)
)
(C:\Users\MSI THIN 15 I7\AppData\Local\Programs\MiKTeX\tex/generic/pgf/basiclay
er\pgfcorepathprocessing.code.tex
File: pgfcorepathprocessing.code.tex 2023-01-15 v3.1.10 (3.1.10)
)
(C:\Users\MSI THIN 15 I7\AppData\Local\Programs\MiKTeX\tex/generic/pgf/basiclay
er\pgfcorearrows.code.tex
File: pgfcorearrows.code.tex 2023-01-15 v3.1.10 (3.1.10)
\pgfarrowsep=\dimen289
)
(C:\Users\MSI THIN 15 I7\AppData\Local\Programs\MiKTeX\tex/generic/pgf/basiclay
er\pgfcoreshade.code.tex
File: pgfcoreshade.code.tex 2023-01-15 v3.1.10 (3.1.10)
\pgf@max=\dimen290
\pgf@sys@shading@range@num=\count346
\pgf@shadingcount=\count347
)
(C:\Users\MSI THIN 15 I7\AppData\Local\Programs\MiKTeX\tex/generic/pgf/basiclay
er\pgfcoreimage.code.tex
File: pgfcoreimage.code.tex 2023-01-15 v3.1.10 (3.1.10)
)
(C:\Users\MSI THIN 15 I7\AppData\Local\Programs\MiKTeX\tex/generic/pgf/basiclay
er\pgfcoreexternal.code.tex
File: pgfcoreexternal.code.tex 2023-01-15 v3.1.10 (3.1.10)
\pgfexternal@startupbox=\box114
)
(C:\Users\MSI THIN 15 I7\AppData\Local\Programs\MiKTeX\tex/generic/pgf/basiclay
er\pgfcorelayers.code.tex
File: pgfcorelayers.code.tex 2023-01-15 v3.1.10 (3.1.10)
)
(C:\Users\MSI THIN 15 I7\AppData\Local\Programs\MiKTeX\tex/generic/pgf/basiclay
er\pgfcoretransparency.code.tex
File: pgfcoretransparency.code.tex 2023-01-15 v3.1.10 (3.1.10)
)
(C:\Users\MSI THIN 15 I7\AppData\Local\Programs\MiKTeX\tex/generic/pgf/basiclay
er\pgfcorepatterns.code.tex
File: pgfcorepatterns.code.tex 2023-01-15 v3.1.10 (3.1.10)
)
(C:\Users\MSI THIN 15 I7\AppData\Local\Programs\MiKTeX\tex/generic/pgf/basiclay
er\pgfcorerdf.code.tex
File: pgfcorerdf.code.tex 2023-01-15 v3.1.10 (3.1.10)
)))
(C:\Users\MSI THIN 15 I7\AppData\Local\Programs\MiKTeX\tex/generic/pgf/modules\
pgfmoduleshapes.code.tex
File: pgfmoduleshapes.code.tex 2023-01-15 v3.1.10 (3.1.10)
\pgfnodeparttextbox=\box115
)
(C:\Users\MSI THIN 15 I7\AppData\Local\Programs\MiKTeX\tex/generic/pgf/modules\
pgfmoduleplot.code.tex
File: pgfmoduleplot.code.tex 2023-01-15 v3.1.10 (3.1.10)
)
(C:\Users\MSI THIN 15 I7\AppData\Local\Programs\MiKTeX\tex/latex/pgf/compatibil
ity\pgfcomp-version-0-65.sty
Package: pgfcomp-version-0-65 2023-01-15 v3.1.10 (3.1.10)
\pgf@nodesepstart=\dimen291
\pgf@nodesepend=\dimen292
)
(C:\Users\MSI THIN 15 I7\AppData\Local\Programs\MiKTeX\tex/latex/pgf/compatibil
ity\pgfcomp-version-1-18.sty
Package: pgfcomp-version-1-18 2023-01-15 v3.1.10 (3.1.10)
))
(C:\Users\MSI THIN 15 I7\AppData\Local\Programs\MiKTeX\tex/latex/pgf/utilities\
pgffor.sty
(C:\Users\MSI THIN 15 I7\AppData\Local\Programs\MiKTeX\tex/latex/pgf/utilities\
pgfkeys.sty
(C:\Users\MSI THIN 15 I7\AppData\Local\Programs\MiKTeX\tex/generic/pgf/utilitie
s\pgfkeys.code.tex))
(C:\Users\MSI THIN 15 I7\AppData\Local\Programs\MiKTeX\tex/latex/pgf/math\pgfma
th.sty
(C:\Users\MSI THIN 15 I7\AppData\Local\Programs\MiKTeX\tex/generic/pgf/math\pgf
math.code.tex))
(C:\Users\MSI THIN 15 I7\AppData\Local\Programs\MiKTeX\tex/generic/pgf/utilitie
s\pgffor.code.tex
Package: pgffor 2023-01-15 v3.1.10 (3.1.10)
\pgffor@iter=\dimen293
\pgffor@skip=\dimen294
\pgffor@stack=\toks50
\pgffor@toks=\toks51
))
(C:\Users\MSI THIN 15 I7\AppData\Local\Programs\MiKTeX\tex/generic/pgf/frontend
layer/tikz\tikz.code.tex
Package: tikz 2023-01-15 v3.1.10 (3.1.10)

(C:\Users\MSI THIN 15 I7\AppData\Local\Programs\MiKTeX\tex/generic/pgf/librarie
s\pgflibraryplothandlers.code.tex
File: pgflibraryplothandlers.code.tex 2023-01-15 v3.1.10 (3.1.10)
\pgf@plot@mark@count=\count348
\pgfplotmarksize=\dimen295
)
\tikz@lastx=\dimen296
\tikz@lasty=\dimen297
\tikz@lastxsaved=\dimen298
\tikz@lastysaved=\dimen299
\tikz@lastmovetox=\dimen300
\tikz@lastmovetoy=\dimen301
\tikzleveldistance=\dimen302
\tikzsiblingdistance=\dimen303
\tikz@figbox=\box116
\tikz@figbox@bg=\box117
\tikz@tempbox=\box118
\tikz@tempbox@bg=\box119
\tikztreelevel=\count349
\tikznumberofchildren=\count350
\tikznumberofcurrentchild=\count351
\tikz@fig@count=\count352

(C:\Users\MSI THIN 15 I7\AppData\Local\Programs\MiKTeX\tex/generic/pgf/modules\
pgfmodulematrix.code.tex
File: pgfmodulematrix.code.tex 2023-01-15 v3.1.10 (3.1.10)
\pgfmatrixcurrentrow=\count353
\pgfmatrixcurrentcolumn=\count354
\pgf@matrix@numberofcolumns=\count355
)
\tikz@expandcount=\count356

(C:\Users\MSI THIN 15 I7\AppData\Local\Programs\MiKTeX\tex/generic/pgf/frontend
layer/tikz/libraries\tikzlibrarytopaths.code.tex
File: tikzlibrarytopaths.code.tex 2023-01-15 v3.1.10 (3.1.10)
)))
(C:\Users\MSI THIN 15 I7\AppData\Local\Programs\MiKTeX\tex/latex/pgfplots\pgfpl
ots.sty
(C:\Users\MSI THIN 15 I7\AppData\Local\Programs\MiKTeX\tex/generic/pgfplots\pgf
plots.revision.tex)
Package: pgfplots 2021/05/15 v1.18.1 Data Visualization (1.18.1)

(C:\Users\MSI THIN 15 I7\AppData\Local\Programs\MiKTeX\tex/generic/pgfplots\pgf
plots.code.tex
(C:\Users\MSI THIN 15 I7\AppData\Local\Programs\MiKTeX\tex/generic/pgfplots\pgf
plotscore.code.tex
\t@pgfplots@toka=\toks52
\t@pgfplots@tokb=\toks53
\t@pgfplots@tokc=\toks54
\pgfplots@tmpa=\dimen304
\c@pgfplots@coordindex=\count357
\c@pgfplots@scanlineindex=\count358

(C:\Users\MSI THIN 15 I7\AppData\Local\Programs\MiKTeX\tex/generic/pgfplots/sys
\pgfplotssysgeneric.code.tex))
(C:\Users\MSI THIN 15 I7\AppData\Local\Programs\MiKTeX\tex/generic/pgfplots/lib
s\pgfplotslibrary.code.tex)
(C:\Users\MSI THIN 15 I7\AppData\Local\Programs\MiKTeX\tex/generic/pgfplots/old
pgfcompatib\pgfplotsoldpgfsupp_loader.code.tex
(C:\Users\MSI THIN 15 I7\AppData\Local\Programs\MiKTeX\tex/generic/pgf/librarie
s\pgflibraryfpu.code.tex)
Package pgfplots: loading complementary utilities for your pgf version...
\t@pgf@toka=\toks55
\t@pgf@tokb=\toks56
\t@pgf@tokc=\toks57

(C:\Users\MSI THIN 15 I7\AppData\Local\Programs\MiKTeX\tex/generic/pgfplots/old
pgfcompatib\pgfplotsoldpgfsupp_pgfutil-common-lists.tex))
(C:\Users\MSI THIN 15 I7\AppData\Local\Programs\MiKTeX\tex/generic/pgfplots/uti
l\pgfplotsutil.code.tex
(C:\Users\MSI THIN 15 I7\AppData\Local\Programs\MiKTeX\tex/generic/pgfplots/lis
tstructure\pgfplotsliststructure.code.tex)
(C:\Users\MSI THIN 15 I7\AppData\Local\Programs\MiKTeX\tex/generic/pgfplots/lis
tstructure\pgfplotsliststructureext.code.tex)
(C:\Users\MSI THIN 15 I7\AppData\Local\Programs\MiKTeX\tex/generic/pgfplots/lis
tstructure\pgfplotsarray.code.tex
\c@pgfplotsarray@tmp=\count359
)
(C:\Users\MSI THIN 15 I7\AppData\Local\Programs\MiKTeX\tex/generic/pgfplots/lis
tstructure\pgfplotsmatrix.code.tex)
(C:\Users\MSI THIN 15 I7\AppData\Local\Programs\MiKTeX\tex/generic/pgfplots/num
table\pgfplotstableshared.code.tex
\c@pgfplotstable@counta=\count360
\t@pgfplotstable@a=\toks58
)
(C:\Users\MSI THIN 15 I7\AppData\Local\Programs\MiKTeX\tex/generic/pgfplots/lis
tstructure\pgfplotsdeque.code.tex)
(C:\Users\MSI THIN 15 I7\AppData\Local\Programs\MiKTeX\tex/generic/pgfplots/uti
l\pgfplotsbinary.code.tex
(C:\Users\MSI THIN 15 I7\AppData\Local\Programs\MiKTeX\tex/generic/pgfplots/uti
l\pgfplotsbinary.data.code.tex))
(C:\Users\MSI THIN 15 I7\AppData\Local\Programs\MiKTeX\tex/generic/pgfplots/uti
l\pgfplotsutil.verb.code.tex)
(C:\Users\MSI THIN 15 I7\AppData\Local\Programs\MiKTeX\tex/generic/pgfplots/lib
s\pgflibrarypgfplots.surfshading.code.tex
\c@pgfplotslibrarysurf@no=\count361

(C:\Users\MSI THIN 15 I7\AppData\Local\Programs\MiKTeX\tex/generic/pgfplots/sys
\pgflibrarypgfplots.surfshading.pgfsys-pdftex.def)))
(C:\Users\MSI THIN 15 I7\AppData\Local\Programs\MiKTeX\tex/generic/pgfplots/uti
l\pgfplotscolormap.code.tex
(C:\Users\MSI THIN 15 I7\AppData\Local\Programs\MiKTeX\tex/generic/pgfplots/uti
l\pgfplotscolor.code.tex))
(C:\Users\MSI THIN 15 I7\AppData\Local\Programs\MiKTeX\tex/generic/pgfplots\pgf
plotsstackedplots.code.tex)
(C:\Users\MSI THIN 15 I7\AppData\Local\Programs\MiKTeX\tex/generic/pgfplots\pgf
plotsplothandlers.code.tex
(C:\Users\MSI THIN 15 I7\AppData\Local\Programs\MiKTeX\tex/generic/pgfplots\pgf
plotsmeshplothandler.code.tex
(C:\Users\MSI THIN 15 I7\AppData\Local\Programs\MiKTeX\tex/generic/pgfplots\pgf
plotsmeshplotimage.code.tex)))
(C:\Users\MSI THIN 15 I7\AppData\Local\Programs\MiKTeX\tex/generic/pgfplots\pgf
plots.scaling.code.tex)
(C:\Users\MSI THIN 15 I7\AppData\Local\Programs\MiKTeX\tex/generic/pgfplots\pgf
plotscoordprocessing.code.tex)
(C:\Users\MSI THIN 15 I7\AppData\Local\Programs\MiKTeX\tex/generic/pgfplots\pgf
plots.errorbars.code.tex)
(C:\Users\MSI THIN 15 I7\AppData\Local\Programs\MiKTeX\tex/generic/pgfplots\pgf
plots.markers.code.tex)
(C:\Users\MSI THIN 15 I7\AppData\Local\Programs\MiKTeX\tex/generic/pgfplots\pgf
plotsticks.code.tex)
(C:\Users\MSI THIN 15 I7\AppData\Local\Programs\MiKTeX\tex/generic/pgfplots\pgf
plots.paths.code.tex)
(C:\Users\MSI THIN 15 I7\AppData\Local\Programs\MiKTeX\tex/generic/pgf/frontend
layer/tikz/libraries\tikzlibrarydecorations.code.tex
(C:\Users\MSI THIN 15 I7\AppData\Local\Programs\MiKTeX\tex/generic/pgf/modules\
pgfmoduledecorations.code.tex
\pgfdecoratedcompleteddistance=\dimen305
\pgfdecoratedremainingdistance=\dimen306
\pgfdecoratedinputsegmentcompleteddistance=\dimen307
\pgfdecoratedinputsegmentremainingdistance=\dimen308
\pgf@decorate@distancetomove=\dimen309
\pgf@decorate@repeatstate=\count362
\pgfdecorationsegmentamplitude=\dimen310
\pgfdecorationsegmentlength=\dimen311
)
\tikz@lib@dec@box=\box120
)
(C:\Users\MSI THIN 15 I7\AppData\Local\Programs\MiKTeX\tex/generic/pgf/frontend
layer/tikz/libraries\tikzlibrarydecorations.pathmorphing.code.tex
(C:\Users\MSI THIN 15 I7\AppData\Local\Programs\MiKTeX\tex/generic/pgf/librarie
s/decorations\pgflibrarydecorations.pathmorphing.code.tex))
(C:\Users\MSI THIN 15 I7\AppData\Local\Programs\MiKTeX\tex/generic/pgf/frontend
layer/tikz/libraries\tikzlibrarydecorations.pathreplacing.code.tex
(C:\Users\MSI THIN 15 I7\AppData\Local\Programs\MiKTeX\tex/generic/pgf/librarie
s/decorations\pgflibrarydecorations.pathreplacing.code.tex))
(C:\Users\MSI THIN 15 I7\AppData\Local\Programs\MiKTeX\tex/generic/pgfplots/lib
s\tikzlibrarypgfplots.contourlua.code.tex)
\pgfplots@numplots=\count363
\pgfplots@xmin@reg=\dimen312
\pgfplots@xmax@reg=\dimen313
\pgfplots@ymin@reg=\dimen314
\pgfplots@ymax@reg=\dimen315
\pgfplots@zmin@reg=\dimen316
\pgfplots@zmax@reg=\dimen317
)
(C:\Users\MSI THIN 15 I7\AppData\Local\Programs\MiKTeX\tex/generic/pgf/frontend
layer/tikz/libraries\tikzlibraryplotmarks.code.tex
File: tikzlibraryplotmarks.code.tex 2023-01-15 v3.1.10 (3.1.10)

(C:\Users\MSI THIN 15 I7\AppData\Local\Programs\MiKTeX\tex/generic/pgf/librarie
s\pgflibraryplotmarks.code.tex
File: pgflibraryplotmarks.code.tex 2023-01-15 v3.1.10 (3.1.10)
)))
(C:\Users\MSI THIN 15 I7\AppData\Local\Programs\MiKTeX\tex/latex/setspace\setsp
ace.sty
Package: setspace 2022/12/04 v6.7b set line spacing
)
(C:\Users\MSI THIN 15 I7\AppData\Local\Programs\MiKTeX\tex/latex/wrapfig\wrapfi
g.sty
\wrapoverhang=\dimen318
\WF@size=\dimen319
\c@WF@wrappedlines=\count364
\WF@box=\box121
\WF@everypar=\toks59
Package: wrapfig 2003/01/31  v 3.6
)
(C:\Users\MSI THIN 15 I7\AppData\Local\Programs\MiKTeX\tex/latex/tools\tabularx
.sty
Package: tabularx 2023/12/11 v2.12a `tabularx' package (DPC)
\TX@col@width=\dimen320
\TX@old@table=\dimen321
\TX@old@col=\dimen322
\TX@target=\dimen323
\TX@delta=\dimen324
\TX@cols=\count365
\TX@ftn=\toks60
)
(C:\Users\MSI THIN 15 I7\AppData\Local\Programs\MiKTeX\tex/latex/caption\subcap
tion.sty
Package: subcaption 2023/07/28 v1.6b Sub-captions (AR)

(C:\Users\MSI THIN 15 I7\AppData\Local\Programs\MiKTeX\tex/latex/caption\captio
n.sty
Package: caption 2023/08/05 v3.6o Customizing captions (AR)

(C:\Users\MSI THIN 15 I7\AppData\Local\Programs\MiKTeX\tex/latex/caption\captio
n3.sty
Package: caption3 2023/07/31 v2.4d caption3 kernel (AR)
\caption@tempdima=\dimen325
\captionmargin=\dimen326
\caption@leftmargin=\dimen327
\caption@rightmargin=\dimen328
\caption@width=\dimen329
\caption@indent=\dimen330
\caption@parindent=\dimen331
\caption@hangindent=\dimen332
Package caption Info: Standard document class detected.
)
\c@caption@flags=\count366
\c@continuedfloat=\count367
Package caption Info: float package is loaded.
Package caption Info: hyperref package is loaded.
Package caption Info: wrapfig package is loaded.
)
Package caption Info: New subtype `subfigure' on input line 238.
\c@subfigure=\count368
Package caption Info: New subtype `subtable' on input line 238.
\c@subtable=\count369
)
(C:\Users\MSI THIN 15 I7\AppData\Local\Programs\MiKTeX\tex/latex/ulem\ulem.sty
\UL@box=\box122
\UL@hyphenbox=\box123
\UL@skip=\skip85
\UL@hook=\toks61
\UL@height=\dimen333
\UL@pe=\count370
\UL@pixel=\dimen334
\ULC@box=\box124
Package: ulem 2019/11/18
\ULdepth=\dimen335
)
(C:\Users\MSI THIN 15 I7\AppData\Local\Programs\MiKTeX\tex/latex/makecell\makec
ell.sty
Package: makecell 2009/08/03 V0.1e Managing of Tab Column Heads and Cells
\rotheadsize=\dimen336
\c@nlinenum=\count371
\TeXr@lab=\toks62
)
(C:\Users\MSI THIN 15 I7\AppData\Local\Programs\MiKTeX\tex/latex/emptypage\empt
ypage.sty
Package: emptypage 2010/05/30 v1.2 Suppress page numbers and headings on empty 
pages
)
(C:\Users\MSI THIN 15 I7\AppData\Local\Programs\MiKTeX\tex/latex/braket\braket.
sty)
(C:\Users\MSI THIN 15 I7\AppData\Local\Programs\MiKTeX\tex/latex/algorithms\alg
orithm.sty
Package: algorithm 2009/08/24 v0.1 Document Style `algorithm' - floating enviro
nment
\@float@every@algorithm=\toks63
\c@algorithm=\count372
)
(C:\Users\MSI THIN 15 I7\AppData\Local\Programs\MiKTeX\tex/latex/algorithmicx\a
lgpseudocode.sty
Package: algpseudocode 

(C:\Users\MSI THIN 15 I7\AppData\Local\Programs\MiKTeX\tex/latex/algorithmicx\a
lgorithmicx.sty
Package: algorithmicx 2005/04/27 v1.2 Algorithmicx

Document Style algorithmicx 1.2 - a greatly improved `algorithmic' style
\c@ALG@line=\count373
\c@ALG@rem=\count374
\c@ALG@nested=\count375
\ALG@tlm=\skip86
\ALG@thistlm=\skip87
\c@ALG@Lnr=\count376
\c@ALG@blocknr=\count377
\c@ALG@storecount=\count378
\c@ALG@tmpcounter=\count379
\ALG@tmplength=\skip88
)
Document Style - pseudocode environments for use with the `algorithmicx' style
)
(C:\Users\MSI THIN 15 I7\AppData\Local\Programs\MiKTeX\tex/latex/apacite\apacit
e.sty
Package: apacite 2013/07/21 v6.03 APA citation
\c@BibCnt=\count380
\bibleftmargin=\skip89
\bibindent=\skip90
\bibparsep=\skip91
\bibitemsep=\skip92
\biblabelsep=\skip93
)
(C:\Users\MSI THIN 15 I7\AppData\Local\Programs\MiKTeX\tex/generic/babel\babel.
sty
Package: babel 2025/07/13 v25.11 The multilingual framework for LuaLaTeX, pdfLa
TeX and XeLaTeX
\babel@savecnt=\count381
LaTeX Encoding Info:    Redeclaring text command \ij (encoding OT1) on input li
ne 2045.
LaTeX Encoding Info:    Redeclaring text command \IJ (encoding OT1) on input li
ne 2047.
LaTeX Encoding Info:    Redeclaring text command \ij (encoding T1) on input lin
e 2049.
LaTeX Encoding Info:    Redeclaring text command \IJ (encoding T1) on input lin
e 2050.
LaTeX Encoding Info:    Ignoring declaration for text command \ij (encoding ?) 
on input line 2051.
LaTeX Encoding Info:    Ignoring declaration for text command \IJ (encoding ?) 
on input line 2053.
LaTeX Encoding Info:    Ignoring declaration for text command \SS (encoding ?) 
on input line 2078.
\U@D=\dimen337
\l@unhyphenated=\language79

(C:\Users\MSI THIN 15 I7\AppData\Local\Programs\MiKTeX\tex/generic/babel\txtbab
el.def)
\bbl@readstream=\read3
\bbl@dirlevel=\count382

*************************************
* Local config file bblopts.cfg used
*

(C:\Users\MSI THIN 15 I7\AppData\Local\Programs\MiKTeX\tex/latex/arabi\bblopts.
cfg
File: bblopts.cfg 2005/09/08 v0.1 add Arabic and Farsi to "declared" options of
 babel
)
(C:\Users\MSI THIN 15 I7\AppData\Local\Programs\MiKTeX\tex/latex/babel-english\
english.ldf
Language: english 2017/06/06 v3.3r English support from the babel system

(C:\Users\MSI THIN 15 I7\AppData\Local\Programs\MiKTeX\tex/generic/babel/locale
/en\babel-english.tex
Package babel Info: Importing font and identification data for english
(babel)             from babel-en.ini. Reported on input line 12.
)
Package babel Info: Hyphen rules for 'canadian' set to \l@english
(babel)             (\language0). Reported on input line 102.
Package babel Info: Hyphen rules for 'australian' set to \l@ukenglish
(babel)             (\language73). Reported on input line 105.
Package babel Info: Hyphen rules for 'newzealand' set to \l@ukenglish
(babel)             (\language73). Reported on input line 108.
))
\c@theorem=\count383
\c@teorema=\count384

(C:\Users\MSI THIN 15 I7\AppData\Local\Programs\MiKTeX\tex/generic/pgf/librarie
s\pgflibraryarrows.meta.code.tex
File: pgflibraryarrows.meta.code.tex 2023-01-15 v3.1.10 (3.1.10)
\pgfarrowinset=\dimen338
\pgfarrowlength=\dimen339
\pgfarrowwidth=\dimen340
\pgfarrowlinewidth=\dimen341
)
(C:\Users\MSI THIN 15 I7\AppData\Local\Programs\MiKTeX\tex/generic/pgf/frontend
layer/tikz/libraries\tikzlibrarypositioning.code.tex
File: tikzlibrarypositioning.code.tex 2023-01-15 v3.1.10 (3.1.10)
)
(C:\Users\MSI THIN 15 I7\AppData\Local\Programs\MiKTeX\tex/latex/natbib\natbib.
sty
Package: natbib 2010/09/13 8.31b (PWD, AO)
\bibhang=\skip94
\bibsep=\skip95
LaTeX Info: Redefining \cite on input line 694.
LaTeX Info: Redefining \citeauthor on input line 712.
LaTeX Info: Redefining \citeyear on input line 735.
\c@NAT@ctr=\count385
)
(C:\Users\MSI THIN 15 I7\AppData\Local\Programs\MiKTeX\tex/latex/psnfss\pifont.
sty
Package: pifont 2020/03/25 PSNFSS-v9.3 Pi font support (SPQR) 
LaTeX Font Info:    Trying to load font information for U+pzd on input line 63.


(C:\Users\MSI THIN 15 I7\AppData\Local\Programs\MiKTeX\tex/latex/psnfss\upzd.fd
File: upzd.fd 2001/06/04 font definitions for U/pzd.
)
LaTeX Font Info:    Trying to load font information for U+psy on input line 64.


(C:\Users\MSI THIN 15 I7\AppData\Local\Programs\MiKTeX\tex/latex/psnfss\upsy.fd
File: upsy.fd 2001/06/04 font definitions for U/psy.
))
(C:\Users\MSI THIN 15 I7\AppData\Local\Programs\MiKTeX\tex/latex/base\inputenc.
sty
Package: inputenc 2024/02/08 v1.3d Input encoding file
\inpenc@prehook=\toks64
\inpenc@posthook=\toks65
)
Package hyperref Info: Option `colorlinks' set `true' on input line 185.
)
(C:\Users\MSI THIN 15 I7\AppData\Local\Programs\MiKTeX\tex/latex/l3backend\l3ba
ckend-pdftex.def
File: l3backend-pdftex.def 2025-06-09 L3 backend support: PDF output (pdfTeX)
\l__color_backend_stack_int=\count386
)

LaTeX Warning: Unused global option(s):
    [12pt].

(proposal-main.aux

LaTeX Warning: Label `' multiply defined.


LaTeX Warning: Label `' multiply defined.


LaTeX Warning: Label `' multiply defined.


LaTeX Warning: Label `' multiply defined.


LaTeX Warning: Label `' multiply defined.


LaTeX Warning: Label `' multiply defined.

)
\openout1 = `proposal-main.aux'.

LaTeX Font Info:    Checking defaults for OML/cmm/m/it on input line 19.
LaTeX Font Info:    ... okay on input line 19.
LaTeX Font Info:    Checking defaults for OMS/cmsy/m/n on input line 19.
LaTeX Font Info:    ... okay on input line 19.
LaTeX Font Info:    Checking defaults for OT1/cmr/m/n on input line 19.
LaTeX Font Info:    ... okay on input line 19.
LaTeX Font Info:    Checking defaults for T1/cmr/m/n on input line 19.
LaTeX Font Info:    ... okay on input line 19.
LaTeX Font Info:    Checking defaults for TS1/cmr/m/n on input line 19.
LaTeX Font Info:    ... okay on input line 19.
LaTeX Font Info:    Checking defaults for OMX/cmex/m/n on input line 19.
LaTeX Font Info:    ... okay on input line 19.
LaTeX Font Info:    Checking defaults for U/cmr/m/n on input line 19.
LaTeX Font Info:    ... okay on input line 19.
LaTeX Font Info:    Checking defaults for PD1/pdf/m/n on input line 19.
LaTeX Font Info:    ... okay on input line 19.
LaTeX Font Info:    Checking defaults for PU/pdf/m/n on input line 19.
LaTeX Font Info:    ... okay on input line 19.

*geometry* driver: auto-detecting
*geometry* detected driver: pdftex
*geometry* verbose mode - [ preamble ] result:
* driver: pdftex
* paper: a4paper
* layout: <same size as paper>
* layoutoffset:(h,v)=(0.0pt,0.0pt)
* modes: 
* h-part:(L,W,R)=(85.35826pt, 455.24411pt, 56.9055pt)
* v-part:(T,H,B)=(85.35826pt, 688.5567pt, 71.13188pt)
* \paperwidth=597.50787pt
* \paperheight=845.04684pt
* \textwidth=455.24411pt
* \textheight=688.5567pt
* \oddsidemargin=13.08827pt
* \evensidemargin=13.08827pt
* \topmargin=-18.78552pt
* \headheight=12.0pt
* \headsep=19.8738pt
* \topskip=12.0pt
* \footskip=30.0pt
* \marginparwidth=47.0pt
* \marginparsep=7.0pt
* \columnsep=10.0pt
* \skip\footins=10.8pt plus 4.0pt minus 2.0pt
* \hoffset=0.0pt
* \voffset=0.0pt
* \mag=1000
* \@twocolumnfalse
* \@twosidefalse
* \@mparswitchfalse
* \@reversemarginfalse
* (1in=72.27pt=25.4mm, 1cm=28.453pt)


(C:\Users\MSI THIN 15 I7\AppData\Local\Programs\MiKTeX\tex/context/base/mkii\su
pp-pdf.mkii
[Loading MPS to PDF converter (version 2006.09.02).]
\scratchcounter=\count387
\scratchdimen=\dimen342
\scratchbox=\box125
\nofMPsegments=\count388
\nofMParguments=\count389
\everyMPshowfont=\toks66
\MPscratchCnt=\count390
\MPscratchDim=\dimen343
\MPnumerator=\count391
\makeMPintoPDFobject=\count392
\everyMPtoPDFconversion=\toks67
)
(C:\Users\MSI THIN 15 I7\AppData\Local\Programs\MiKTeX\tex/latex/epstopdf-pkg\e
pstopdf-base.sty
Package: epstopdf-base 2020-01-24 v2.11 Base part for package epstopdf

(C:\Users\MSI THIN 15 I7\AppData\Local\Programs\MiKTeX\tex/latex/grfext\grfext.
sty
Package: grfext 2019/12/03 v1.3 Manage graphics extensions (HO)
)
Package epstopdf-base Info: Redefining graphics rule for `.eps' on input line 4
85.
Package grfext Info: Graphics extension search list:
(grfext)             [.pdf,.png,.jpg,.mps,.jpeg,.jbig2,.jb2,.PDF,.PNG,.JPG,.JPE
G,.JBIG2,.JB2,.eps]
(grfext)             \AppendGraphicsExtensions on input line 504.

(C:\Users\MSI THIN 15 I7\AppData\Local\Programs\MiKTeX\tex/latex/00miktex\epsto
pdf-sys.cfg
File: epstopdf-sys.cfg 2021/03/18 v2.0 Configuration of epstopdf for MiKTeX
))
Package hyperref Info: Link coloring ON on input line 19.
 (proposal-main.out) (proposal-main.out)
\@outlinefile=\write4
\openout4 = `proposal-main.out'.


(C:\Users\MSI THIN 15 I7\AppData\Local\Programs\MiKTeX\tex/latex/pdflscape\pdfl
scape.sty
Package: pdflscape 2022-10-27 v0.13 Display of landscape pages in PDF

(C:\Users\MSI THIN 15 I7\AppData\Local\Programs\MiKTeX\tex/latex/pdflscape\pdfl
scape-nometadata.sty
Package: pdflscape-nometadata 2022-10-28 v0.13 Display of landscape pages in PD
F (HO)

(C:\Users\MSI THIN 15 I7\AppData\Local\Programs\MiKTeX\tex/latex/graphics\lscap
e.sty
Package: lscape 2020/05/28 v3.02 Landscape Pages (DPC)
)
Package pdflscape Info: Auto-detected driver: pdftex on input line 81.
))
Package pgfplots notification 'compat/show suggested version=true': document ha
s been generated with the most recent feature set (\pgfplotsset{compat=1.18}).

Package caption Info: Begin \AtBeginDocument code.
Package caption Info: End \AtBeginDocument code.
\c@maskedRefs=\count393

(C:\Users\MSI THIN 15 I7\AppData\Local\Programs\MiKTeX\tex/latex/apacite\englis
h.apc
File: english.apc 2013/07/21 v6.03 apacite language file
LaTeX Info: Redefining \BPBI on input line 129.
LaTeX Info: Redefining \BHBI on input line 130.
) (proposal/contents/000_metadata.tex)
(proposal/front-matter/000_front-matter.tex
(proposal/front-matter/front-cover.tex

LaTeX Font Warning: Font shape `OT1/cmss/m/n' in size <18> not available
(Font)              size <17.28> substituted on input line 19.


LaTeX Font Warning: Font shape `OT1/cmss/bx/n' in size <18> not available
(Font)              size <17.28> substituted on input line 19.


Underfull \hbox (badness 4569) in paragraph at lines 19--20
[]\OT1/cmss/bx/n/17.28 OPTIMASI PA-RAM-E-TER SIS-TEM RE-WARD PADA
 []


Underfull \hbox (badness 10000) in paragraph at lines 19--20
\OT1/cmss/bx/n/17.28 EKONOMI GIM MENG-GU-NA-KAN AL-GO-RITMA
 []


Underfull \hbox (badness 10000) in paragraph at lines 47--48

 []

<proposal/assets/images/its blue.png, id=134, 325.215pt x 200.75pt>
File: proposal/assets/images/its blue.png Graphic file (type png)
<use proposal/assets/images/its blue.png>
Package pdftex.def Info: proposal/assets/images/its blue.png  used on input lin
e 71.
(pdftex.def)             Requested size: 175.61844pt x 108.405pt.


[1

{C:/Users/MSI THIN 15 I7/AppData/Local/MiKTeX/fonts/map/pdftex/pdftex.map} <./p
roposal/assets/images/its blue.png>])
(proposal/front-matter/inner-cover-id.tex

LaTeX Font Warning: Font shape `OT1/cmr/m/n' in size <18> not available
(Font)              size <17.28> substituted on input line 16.


LaTeX Font Warning: Font shape `OT1/cmr/bx/n' in size <18> not available
(Font)              size <17.28> substituted on input line 16.


Underfull \hbox (badness 1117) in paragraph at lines 16--17
[]\OT1/cmr/bx/n/17.28 OPTIMASI PA-RAM-E-TER SIS-TEM RE-WARD
 []


Underfull \hbox (badness 10000) in paragraph at lines 16--17
\OT1/cmr/bx/n/17.28 PADA EKONOMI GIM MENG-GU-NA-KAN
 []

<proposal/assets/images/its.png, id=143, 48.18pt x 48.18pt>
File: proposal/assets/images/its.png Graphic file (type png)
<use proposal/assets/images/its.png>
Package pdftex.def Info: proposal/assets/images/its.png  used on input line 71.

(pdftex.def)             Requested size: 108.40466pt x 108.405pt.



pdfTeX warning (ext4): destination with the same identifier (name{page.}) has b
een already used, duplicate ignored
<to be read again> 
                   \relax 
l.73 \newpage
              [2 <./proposal/assets/images/its.png>])
(proposal/front-matter/inner-cover-en.tex
Underfull \hbox (badness 10000) in paragraph at lines 18--19
[]\OT1/cmr/bx/n/17.28 OPTIMIZATION OF RE-WARD SYS-TEM
 []

File: proposal/assets/images/its.png Graphic file (type png)
<use proposal/assets/images/its.png>
Package pdftex.def Info: proposal/assets/images/its.png  used on input line 74.

(pdftex.def)             Requested size: 108.40466pt x 108.405pt.



pdfTeX warning (ext4): destination with the same identifier (name{page.}) has b
een already used, duplicate ignored
<to be read again> 
                   \relax 
l.76 \newpage
              [3]) (proposal/front-matter/lembar-pengesahan.tex
LaTeX Font Info:    Trying to load font information for U+msa on input line 101
.

(C:\Users\MSI THIN 15 I7\AppData\Local\Programs\MiKTeX\tex/latex/amsfonts\umsa.
fd
File: umsa.fd 2013/01/14 v3.01 AMS symbols A
)
LaTeX Font Info:    Trying to load font information for U+msb on input line 101
.

(C:\Users\MSI THIN 15 I7\AppData\Local\Programs\MiKTeX\tex/latex/amsfonts\umsb.
fd
File: umsb.fd 2013/01/14 v3.01 AMS symbols B
))) (proposal/contents/XXX_abstrak.tex

[1]
Overfull \hbox (9.7019pt too wide) in paragraph at lines 11--16
[][] 
 []


Underfull \hbox (badness 6526) in paragraph at lines 25--26
\OT1/cmr/m/n/12 tidak wa-jar, serta da-pat memen-garuhi ke-ber-lan-ju-tan ekono
mi in-gim se-cara
 []


Underfull \hbox (badness 1571) in paragraph at lines 25--26
\OT1/cmr/m/n/12 ke-selu-ruhan. Be-ber-apa peneli-tian se-belum-nya telah mem-ba
-has men-ge-nai sis-tem
 []


Underfull \hbox (badness 1168) in paragraph at lines 25--26
\OT1/cmr/m/n/12 makro dan belum mem-per-tim-bangkan di-na-mika per-i-laku pe-ma
in. Peneli-tian ini
 []


Underfull \hbox (badness 10000) in paragraph at lines 25--26
\OT1/cmr/m/n/12 bertu-juan un-tuk meng-em-bang-kan op-ti-masi sis-tem re-ward y
ang mampu
 []


Underfull \hbox (badness 1297) in paragraph at lines 25--26
\OT1/cmr/m/n/12 ilmiah bagi per-an-can-gan sis-tem ekonomi gim yang di-namis da
n tahan ter-hadap
 []

) (proposal/contents/XXX_abstract.tex
Underfull \hbox (badness 10000) in paragraph at lines 28--1

 []



[2

]
Underfull \hbox (badness 1337) in paragraph at lines 26--27
\OT1/cmr/m/n/12 player sce-nar-ios while also con-tribut-ing to the sci-en-tifi
c de-sign of dy-namic and
 []

)
Underfull \hbox (badness 10000) in paragraph at lines 30--25

 []



[3

] (proposal-main.toc)
\tf@toc=\write5
\openout5 = `proposal-main.toc'.



[4

] (proposal-main.lof)
\tf@lof=\write6
\openout6 = `proposal-main.lof'.



[5

] (proposal-main.lot)
\tf@lot=\write7
\openout7 = `proposal-main.lot'.



[6

] (proposal/contents/100_symbols.tex
Underfull \hbox (badness 3118) in paragraph at lines 12--13
[]|\OT1/cmr/m/n/10.95 Vertex ke-$\OML/cmm/m/it/10.95 i$ \OT1/cmr/m/n/10.95 da-l
am graf, merep-re-sen-tasikan kom-po-nen
 []


Underfull \hbox (badness 3333) in paragraph at lines 26--27
[]|\OT1/cmr/m/n/10.95 Fungsi fit-ness pada tahap \OT1/cmr/m/it/10.95 bal-ancer 
\OT1/cmr/m/n/10.95 un-tuk men-gukur
 []


Underfull \hbox (badness 6625) in paragraph at lines 31--32
[]|\OT1/cmr/m/n/10.95 Jumlah sim-u-lasi yang di-jalankan un-tuk men-gu-rangi
 []

)

[7

] (proposal/contents/001_intro.tex
Bab 1.

Package natbib Warning: Citation `IGDA2019' on page 1 undefined on input line 5
.


Package natbib Warning: Citation `Holmberg2021' on page 1 undefined on input li
ne 5.


Package natbib Warning: Citation `Rupp_2024' on page 1 undefined on input line 
5.


Underfull \hbox (badness 5417) in paragraph at lines 5--6
\OT1/cmr/m/n/12 hubun-gan an-tar us-aha yang di-lakukan pe-main de-ngan hasil y
ang diper-oleh.
 []


Package natbib Warning: Citation `schreiber2021game' on page 1 undefined on inp
ut line 7.


Package natbib Warning: Citation `sorochan2022generatingrealtimestrategygame' o
n page 1 undefined on input line 7.


Package natbib Warning: Citation `Rupp_2024' on page 1 undefined on input line 
7.


Package natbib Warning: Citation `garcia2020optimizing' on page 1 undefined on 
input line 7.


Underfull \hbox (badness 7256) in paragraph at lines 7--8
[]\OT1/cmr/m/n/12 Beberapa peneli-tian ter-dahulu telah mengkaji berba-gai pen-
dekatan un-tuk
 []


Underfull \hbox (badness 2173) in paragraph at lines 7--8
\OT1/cmr/m/n/12 pen-dekatan otoma-tis berba-sis \OT1/cmr/m/it/12 pro-ce-du-ral 
con-tent gen-er-a-tion \OT1/cmr/m/n/12 (PCG) se-perti yang
 []


Underfull \hbox (badness 1127) in paragraph at lines 7--8
\OT1/cmr/m/it/12 Search-Based Pro-ce-du-ral Con-tent Gen-er-a-tion and Monte Ca
rlo Tree Search\OT1/cmr/m/n/12 , yang
 []


Underfull \hbox (badness 10000) in paragraph at lines 7--8
\OT1/cmr/m/n/12 meng-gabungkan pen-car-ian berba-sis Monte Carlo un-tuk meng-ha
silkan dan
 []



[1


]

Package natbib Warning: Citation `Rupp_2024' on page 2 undefined on input line 
9.


Package natbib Warning: Citation `garcia2020optimizing' on page 2 undefined on 
input line 9.


Package natbib Warning: Citation `Bailey2024' on page 2 undefined on input line
 9.


Underfull \hbox (badness 1132) in paragraph at lines 9--10
\OT1/cmr/m/n/12 ekonomi gim meng-gu-na-kan pen-dekatan al-go-ritma, se-ba-gian 
be-sar ma-sih memi-liki
 []


Underfull \hbox (badness 2680) in paragraph at lines 9--10
\OT1/cmr/m/n/12 peneli-tian se-perti GEEvo (\OT1/cmr/bx/n/12 ?\OT1/cmr/m/n/12 )
 telah berhasil men-go-toma-ti-sasi se-ba-gian proses
 []


Underfull \hbox (badness 6016) in paragraph at lines 9--10
\OT1/cmr/m/n/12 per-an-can-gan ekonomi gim meng-gu-na-kan al-go-ritma evo-lu-si
oner, na-mun belum
 []


Underfull \hbox (badness 4569) in paragraph at lines 9--10
\OT1/cmr/m/n/12 mem-per-li-hatkan ke-mam-puan adap-tif ter-hadap di-na-mika str
ategi, tetapi belum
 []


Underfull \hbox (badness 4872) in paragraph at lines 9--10
\OT1/cmr/m/n/12 de-ngan op-ti-masi al-go-rit-mik se-cara evo-lu-sioner, se-hing
ga sis-tem \OT1/cmr/m/it/12 re-ward \OT1/cmr/m/n/12 da-pat
 []


Underfull \hbox (badness 5681) in paragraph at lines 9--10
\OT1/cmr/m/n/12 menye-suaikan diri ter-hadap pe-ruba-han pa-ram-e-ter ekonomi g
im dan men-jaga
 []


Underfull \hbox (badness 1502) in paragraph at lines 11--12
\OT1/cmr/m/n/12 de-ngan kom-bi-nasi sim-u-lasi agen un-tuk mem-p-re-sen-tasikan
 in-ter-aksi dan di-na-mika
 []


Underfull \hbox (badness 1708) in paragraph at lines 11--12
\OT1/cmr/m/n/12 menye-im-bangkan \OT1/cmr/m/it/12 fair-ness, en-gage-ment, \OT1
/cmr/m/n/12 serta \OT1/cmr/m/it/12 sus-tain-abil-ity \OT1/cmr/m/n/12 da-lam eko
-sis-tem gim.
 []


Underfull \hbox (badness 1194) in paragraph at lines 11--12
\OT1/cmr/m/n/12 tetapi juga meng-in-te-grasikan as-pek psikol-o-gis dan per-i-l
aku pe-main da-lam proses
 []



[2]
Underfull \hbox (badness 1783) in paragraph at lines 34--35
[]\OT1/cmr/m/n/12 Bagaimana meng-em-bang-kan sim-u-lasi berba-sis agen un-tuk m
erep-re-sen-tasikan
 []


Underfull \hbox (badness 10000) in paragraph at lines 55--56
[]\OT1/cmr/m/n/12 Merancang model sis-tem \OT1/cmr/m/it/12 re-ward \OT1/cmr/m/n
/12 da-lam ekonomi gim yang mampu
 []


Underfull \hbox (badness 1406) in paragraph at lines 71--72
[]\OT1/cmr/m/n/12 Memberikan pen-dekatan kom-puta-sional berba-sis al-go-ritma 
evo-lu-sioner un-tuk
 []

) (proposal/contents/002_literature.tex

[3]
Bab 2.

Package natbib Warning: Citation `Holmberg2021' on page 4 undefined on input li
ne 5.


Underfull \hbox (badness 1024) in paragraph at lines 5--6
\OT1/cmr/m/n/12 mekanisme pem-be-rian ha-diah, pro-gresi level, dan dis-tribusi
 sum-ber daya vir-tual,
 []


Package natbib Warning: Citation `Volz2016' on page 4 undefined on input line 7
.


Package natbib Warning: Citation `Volz2016' on page 4 undefined on input line 9
.


Package natbib Warning: Citation `deMesentierSilva2019' on page 4 undefined on 
input line 9.


Underfull \hbox (badness 1728) in paragraph at lines 9--10
[]\OT1/cmr/bx/n/12 ? \OT1/cmr/m/n/12 mendemon-strasikan ke-layakan \OT1/cmr/m/i
t/12 au-to-matic game bal-anc-ing \OT1/cmr/m/n/12 melalui op-ti-masi
 []


Package natbib Warning: Citation `garcia2020optimizing' on page 4 undefined on 
input line 11.


Underfull \hbox (badness 1173) in paragraph at lines 11--12
[]\OT1/cmr/bx/n/12 ? \OT1/cmr/m/n/12 meng-em-bang-kan pen-dekatan op-ti-masi ag
en gim Hearth-stone meng-gu-na-kan
 []


Underfull \hbox (badness 2781) in paragraph at lines 11--12
\OT1/cmr/m/n/12 da-lam men-gop-ti-masi per-i-laku agen gim melalui proses \OT1/
cmr/m/it/12 co-evolutionary train-ing\OT1/cmr/m/n/12 .
 []


Package natbib Warning: Citation `Gravina2016' on page 4 undefined on input lin
e 13.


Package natbib Warning: Citation `Morosan2017' on page 4 undefined on input lin
e 13.


Underfull \hbox (badness 6236) in paragraph at lines 13--14
\OT1/cmr/m/n/12 itu, \OT1/cmr/bx/n/12 ? \OT1/cmr/m/n/12 me-nun-jukkan bahwa al-
go-ritma evo-lu-sioner da-pat di-gu-nakan un-tuk
 []


Package natbib Warning: Citation `sorochan2022generatingrealtimestrategygame' o
n page 4 undefined on input line 15.


Underfull \hbox (badness 10000) in paragraph at lines 15--16
\OT1/cmr/m/n/12 meng-gabungkan pen-car-ian berba-sis Monte Carlo un-tuk meng-ha
silkan dan
 []


Underfull \hbox (badness 8019) in paragraph at lines 15--16
\OT1/cmr/m/n/12 pen-dekatan terse-but ma-sih berfokus pada gen-erasi kon-ten gi
m dan belum
 []



[4

]

Package natbib Warning: Citation `Rupp_2024' on page 5 undefined on input line 
19.


Underfull \hbox (badness 2343) in paragraph at lines 19--20
\OT1/cmr/m/n/12 pen-dekatan ini ma-sih berop-erasi pada tingkat makro tanpa mem
-per-tim-bangkan
 []


Package natbib Warning: Citation `danny2021valorant' on page 5 undefined on inp
ut line 98.


Package natbib Warning: Citation `KBBI2026' on page 5 undefined on input line 9
8.


Underfull \hbox (badness 1092) in paragraph at lines 98--99
\OT1/cmr/m/n/12 \per-mainan" da-lam kon-teks dig-i-tal maupun non-digital (\OT1
/cmr/bx/n/12 ?\OT1/cmr/m/n/12 ). Da-lam KBBI, gim
 []


Package natbib Warning: Citation `salen2004rules' on page 5 undefined on input 
line 100.


Package natbib Warning: Citation `hamari2017service' on page 5 undefined on inp
ut line 100.


Package natbib Warning: Citation `schreiber2021game' on page 5 undefined on inp
ut line 104.


Underfull \hbox (badness 2229) in paragraph at lines 104--105
\OT1/cmr/m/n/12 yang mem-ben-tuk bagaimana pe-main berin-ter-aksi de-ngan sis-t
em per-mainan dan
 []


Package natbib Warning: Citation `Lin2025' on page 5 undefined on input line 10
8.


Package natbib Warning: Citation `BowmanKeeneNajera2021' on page 5 undefined on
 input line 108.



[5]

Package natbib Warning: Citation `RanandehMirzaBabaei2023' on page 6 undefined 
on input line 110.


Package natbib Warning: Citation `Rupp_2024' on page 6 undefined on input line 
227.


Package natbib Warning: Citation `Rupp_2024' on page 6 undefined on input line 
227.


Package natbib Warning: Citation `BowmanKeeneNajera2021' on page 6 undefined on
 input line 231.


Underfull \hbox (badness 7397) in paragraph at lines 231--232
[]\OT1/cmr/m/n/12 Keseimbangan an-tar kom-po-nen utama in-i-lah yang men-jadi k
unci utama
 []


Package natbib Warning: Citation `RanandehMirzaBabaei2023' on page 6 undefined 
on input line 234.


Underfull \hbox (badness 1163) in paragraph at lines 234--235
[]\OT1/cmr/m/n/12 Dalam de-sain ekonomi gim, sis-tem \OT1/cmr/m/it/12 re-ward \
OT1/cmr/m/n/12 me-ru-pa-kan kom-po-nen tek-nis yang
 []


Underfull \hbox (badness 10000) in paragraph at lines 234--235
\OT1/cmr/m/n/12 atau menam-bahkan sum-ber daya vir-tual ke da-lam eko-sis-tem p
e-main (\OT1/cmr/bx/n/12 ?\OT1/cmr/m/n/12 ).
 []


Underfull \hbox (badness 1320) in paragraph at lines 234--235
\OT1/cmr/m/n/12 berbea-sis prob-a-bil-i-tas, hingga mekanisme craft-ing yang me
n-gubah in-put men-jadi
 []


Package natbib Warning: Citation `9750161' on page 6 undefined on input line 23
6.


Underfull \hbox (badness 1603) in paragraph at lines 236--237
\OT1/cmr/m/n/12 da-lam gim. Sis-tem \OT1/cmr/m/it/12 re-ward \OT1/cmr/m/n/12 ya
ng tidak sta-bil menye-babkan per-cepatan pro-gres
 []



[6]

Package natbib Warning: Citation `Rupp_2024' on page 7 undefined on input line 
240.


Package natbib Warning: Citation `Clark2023' on page 7 undefined on input line 
245.


Underfull \hbox (badness 1484) in paragraph at lines 238--246
[]\OT1/cmr/m/n/12 Dalam lit-er-atur de-sain ekonomi dan \OT1/cmr/m/it/12 bal-an
c-ing \OT1/cmr/m/n/12 gim, sis-tem \OT1/cmr/m/it/12 re-ward \OT1/cmr/m/n/12 umu
m-nya
 []


Package natbib Warning: Citation `RollingsAdams2003' on page 7 undefined on inp
ut line 248.


Underfull \hbox (badness 1533) in paragraph at lines 248--249
\OT1/cmr/m/n/12 game dikatakan se-im-bang apa-bila ke-ber-hasi-lan pe-main teru
tama di-ten-tukan oleh
 []


Underfull \hbox (badness 1546) in paragraph at lines 248--249
\OT1/cmr/m/n/12 Ke-se-im-ban-gan ini bertu-juan mence-gah muncul-nya \OT1/cmr/m
/it/12 dom-i-nant strat-egy \OT1/cmr/m/n/12 yang da-pat
 []


Package natbib Warning: Citation `Sirlin2016' on page 7 undefined on input line
 250.


Underfull \hbox (badness 1127) in paragraph at lines 250--251
[]\OT1/cmr/m/n/12 Sirlin menekankan bahwa bal-anc-ing tidak be-rarti selu-ruh o
psi harus memi-liki
 []



[7]

Package natbib Warning: Citation `Novak2012' on page 8 undefined on input line 
252.


Underfull \hbox (badness 3713) in paragraph at lines 252--253
\OT1/cmr/m/n/12 per-an-can-gan de-ngan men-gatur ni-lai dasar se-perti keku-ata
n, bi-aya, dan ra-sio
 []


Package natbib Warning: Citation `Portnow2013' on page 8 undefined on input lin
e 254.


Package natbib Warning: Citation `Rogers2023' on page 8 undefined on input line
 259.


Underfull \hbox (badness 1728) in paragraph at lines 259--260
[]\OT1/cmr/m/n/12 Dalam kon-teks ekonomi gim, graf be-rarah (\OT1/cmr/m/it/12 d
i-rected graph\OT1/cmr/m/n/12 ) di-gu-nakan un-tuk
 []


Underfull \hbox (badness 3471) in paragraph at lines 259--260
\OT1/cmr/m/n/12 merep-re-sen-tasikan ali-ran sum-ber daya an-tar en-ti-tas da-l
am sis-tem. Graf ini
 []


Underfull \hbox (badness 3635) in paragraph at lines 259--260
\OT1/cmr/m/n/12 memu-ngkinkan anal-i-sis struk-tu-ral ter-hadap hubun-gan an-ta
ra sum-ber (\OT1/cmr/m/it/12 sources\OT1/cmr/m/n/12 ),
 []



[8]

Package natbib Warning: Citation `Rogers2023' on page 9 undefined on input line
 277.


Package natbib Warning: Citation `Rupp_2024' on page 9 undefined on input line 
283.


Package natbib Warning: Citation `Lin2025' on page 9 undefined on input line 28
3.


Underfull \hbox (badness 1132) in paragraph at lines 283--284
\OT1/cmr/m/n/12 bahwa peng-gu-naan model graf memu-ngkinkan pengem-bang un-tuk 
men-sim-u-lasikan
 []


Package natbib Warning: Citation `Rogers2023' on page 9 undefined on input line
 285.


Underfull \hbox (badness 3701) in paragraph at lines 285--286
\OT1/cmr/m/n/12 da-lam ekonomi gim. Peng-ga-bungan model ini de-ngan al-go-ritm
a evo-lu-sioner
 []


Package natbib Warning: Citation `Bruhlmann2020' on page 9 undefined on input l
ine 289.


Package natbib Warning: Citation `HoegVanDerKaapDeeder2023' on page 9 undefined
 on input line 293.


Package natbib Warning: Citation `HoegVanDerKaapDeeder2023' on page 9 undefined
 on input line 294.



[9]

Package natbib Warning: Citation `UysalYildirim2016' on page 10 undefined on in
put line 297.


Package natbib Warning: Citation `2017Inverted' on page 10 undefined on input l
ine 305.


Package natbib Warning: Citation `BuilCatalanMartinez2019' on page 10 undefined
 on input line 305.


Underfull \hbox (badness 1584) in paragraph at lines 305--306
\OT1/cmr/m/n/12 in-dika-tor kuat dari keter-li-batan op-ti-mal. De-sain \OT1/cm
r/m/it/12 re-ward \OT1/cmr/m/n/12 sys-tem harus mampu
 []


Package natbib Warning: Citation `Herel2022' on page 10 undefined on input line
 309.


Package natbib Warning: Citation `MotepalliJacobsen2021' on page 10 undefined o
n input line 309.


Package natbib Warning: Citation `Bai2024An' on page 10 undefined on input line
 311.

Package hyperref Info: bookmark level for unknown algorithm defaults to 0 on in
put line 314.


[10]

LaTeX Warning: Command \textellipsis invalid in math mode on input line 333.


Package natbib Warning: Citation `Baresel2002Fitness' on page 11 undefined on i
nput line 333.



[11]
Underfull \hbox (badness 1762) in paragraph at lines 376--377
\OT1/cmr/m/n/12 op-ti-mal $\OML/cmm/m/it/12 x[]$\OT1/cmr/m/n/12 . Proses menye-
im-bangkan sis-tem \OT1/cmr/m/it/12 re-ward \OT1/cmr/m/n/12 atau ekonomi gim de
-ngan
 []


Package natbib Warning: Citation `Rupp_2024' on page 12 undefined on input line
 411.


Package natbib Warning: Citation `Rupp_2024' on page 12 undefined on input line
 411.


Underfull \hbox (badness 1158) in paragraph at lines 415--416
\OT1/cmr/m/n/12 da-pat diop-ti-masi se-perti frekuensi dis-tribusi \OT1/cmr/m/i
t/12 re-ward\OT1/cmr/m/n/12 , ra-sio \OT1/cmr/m/it/12 reward-sink\OT1/cmr/m/n/1
2 , pa-ram-e-ter
 []


Package natbib Warning: Citation `MacalNorth2005' on page 12 undefined on input
 line 419.


Package natbib Warning: Citation `DatserisVahdatiDuBois2021' on page 12 undefin
ed on input line 419.



[12]

Package natbib Warning: Citation `NichollsAmelungStudent2017' on page 13 undefi
ned on input line 421.

) (proposal/contents/003_method.tex

[13]
Bab 3.

Underfull \hbox (badness 1221) in paragraph at lines 4--5
\OT1/cmr/m/n/12 serta men-ganal-i-sis pen-garuh-nya ter-hadap di-na-mika ekonom
i gim. Alur taha-pan
 []


Underfull \hbox (badness 1242) in paragraph at lines 47--48
[]\OT1/cmr/m/n/12 Tahapan peneli-tian ini di-awali de-ngan studi lit-er-atur ya
ng mem-ba-has kon-sep
 []


Underfull \hbox (badness 4001) in paragraph at lines 47--48
\OT1/cmr/m/n/12 bertu-juan un-tuk mem-band-ingkan kin-erja sis-tem \OT1/cmr/m/i
t/12 re-ward \OT1/cmr/m/n/12 hasil op-ti-masi de-ngan
 []



[14

]
Underfull \hbox (badness 4531) in paragraph at lines 54--55
\OT1/cmr/m/n/12 gim. Hubun-gan an-tar node di-wak-ili oleh edge yang memi-liki 
ni-lai un-tuk
 []



[15]
Underfull \hbox (badness 2237) in paragraph at lines 59--65
\OT1/cmr/m/n/12 per-i-laku yang merep-re-sen-tasikan perbe-daan gaya bermain pe
-main. Vari-asi ini
 []


Underfull \hbox (badness 1859) in paragraph at lines 67--68
[]\OT1/cmr/m/n/12 Perumusan al-go-ritma evo-lu-sioner di-lakukan un-tuk men-gop
-ti-mal-isasi pa-ram-e-ter
 []


Underfull \hbox (badness 2359) in paragraph at lines 67--68
\OT1/cmr/m/n/12 it-erasi ter-tentu dan ke-mu-dian di-hi-tung meng-gu-na-kan fun
gsi fit-ness berdasarkan
 []


Underfull \hbox (badness 3977) in paragraph at lines 69--71
[]\OT1/cmr/m/n/12 Integrasi an-tara sim-u-lasi agen dan al-go-ritma evo-lu-sion
er di-lakukan de-ngan
 []



[16]
Underfull \hbox (badness 10000) in paragraph at lines 84--87
[]\OT1/cmr/m/n/12 Eksperimen di-lakukan de-ngan men-jalankan be-ber-apa ske-nar
io yang
 []


Underfull \hbox (badness 1019) in paragraph at lines 84--87
\OT1/cmr/m/n/12 dieval-u-asi meng-gu-na-kan al-go-ritma evo-lu-sioner un-tuk me
m-per-oleh kon-fig-urasi yang
 []

) (proposal/contents/004_schedule.tex

[17]
Bab 4.

Underfull \hbox (badness 3635) in paragraph at lines 3--4
\OT1/cmr/m/n/12 yang telah di-ran-cang pada bab se-belum-nya. Pem-ba-hasan men-
cakup rin-cian
 []


LaTeX Warning: Reference `fig:initial_graph' on page 18 undefined on input line
 9.

<proposal/assets/images/result_2.png, id=302, 736.4313pt x 338.9463pt>
File: proposal/assets/images/result_2.png Graphic file (type png)
<use proposal/assets/images/result_2.png>
Package pdftex.def Info: proposal/assets/images/result_2.png  used on input lin
e 13.
(pdftex.def)             Requested size: 318.66948pt x 146.66983pt.


[18

 <./proposal/assets/images/result_2.png>]
Underfull \hbox (badness 1107) in paragraph at lines 37--38
\OT1/cmr/m/n/12 ko-mod-i-tas (laju \OT1/cmr/m/it/12 sink\OT1/cmr/m/n/12 /\OT1/c
mr/m/it/12 drain\OT1/cmr/m/n/12 ). Vek-tor ini bermu-tasi dan dis-i-langkan pad
a proses
 []


LaTeX Warning: Reference `fig:egg_fitness' on page 19 undefined on input line 4
0.


Underfull \hbox (badness 10000) in paragraph at lines 40--41
\OT1/cmr/m/n/12 pen-car-ian penye-im-ban-gan model utama di-tun-jukkan pada pen
-car-ian
 []



[19]
<proposal/assets/images/result_1.png, id=324, 271.7352pt x 142.3719pt>
File: proposal/assets/images/result_1.png Graphic file (type png)
<use proposal/assets/images/result_1.png>
Package pdftex.def Info: proposal/assets/images/result_1.png  used on input lin
e 44.
(pdftex.def)             Requested size: 273.14923pt x 143.12102pt.


LaTeX Warning: Reference `fig:unbalanced' on page 20 undefined on input line 53
.


LaTeX Warning: Reference `fig:balanced_graph' on page 20 undefined on input lin
e 53.

<proposal/assets/images/result_3.png, id=325, 570.933pt x 209.583pt>
File: proposal/assets/images/result_3.png Graphic file (type png)
<use proposal/assets/images/result_3.png>
Package pdftex.def Info: proposal/assets/images/result_3.png  used on input lin
e 57.
(pdftex.def)             Requested size: 318.66948pt x 116.9851pt.
<proposal/assets/images/result_5.png, id=326, 736.4313pt x 338.9463pt>
File: proposal/assets/images/result_5.png Graphic file (type png)
<use proposal/assets/images/result_5.png>
Package pdftex.def Info: proposal/assets/images/result_5.png  used on input lin
e 64.
(pdftex.def)             Requested size: 318.66948pt x 146.66983pt.


[20 <./proposal/assets/images/result_1.png> <./proposal/assets/images/result_3.
png>]

LaTeX Warning: Reference `fig:unbalanced' on page 21 undefined on input line 73
.


LaTeX Warning: Reference `fig:balanced_sim' on page 21 undefined on input line 
73.


Underfull \hbox (badness 1389) in paragraph at lines 73--74
[]\OT1/cmr/m/n/12 Memperhatikan per-forma awal dari Gam-bar [], per-bandin-gan 
sta-bil-i-tas di-uji
 []

<proposal/assets/images/result_6.png, id=338, 570.933pt x 209.583pt>
File: proposal/assets/images/result_6.png Graphic file (type png)
<use proposal/assets/images/result_6.png>
Package pdftex.def Info: proposal/assets/images/result_6.png  used on input lin
e 77.
(pdftex.def)             Requested size: 318.66948pt x 116.9851pt.

LaTeX Warning: Reference `fig:agent_behaviors' on page 21 undefined on input li
ne 83.


Underfull \hbox (badness 1596) in paragraph at lines 83--84
\OT1/cmr/m/n/12 me-nun-jukkan kerentanan spe-si-fik tiap tipe da-pat diek-splo-
rasi pe-main pada area
 []

<proposal/assets/images/result_7.png, id=339, 570.933pt x 209.583pt>
File: proposal/assets/images/result_7.png Graphic file (type png)
<use proposal/assets/images/result_7.png>
Package pdftex.def Info: proposal/assets/images/result_7.png  used on input lin
e 89.
(pdftex.def)             Requested size: 218.51521pt x 80.2148pt.
<proposal/assets/images/result_8.png, id=340, 570.933pt x 209.583pt>
File: proposal/assets/images/result_8.png Graphic file (type png)
<use proposal/assets/images/result_8.png>
Package pdftex.def Info: proposal/assets/images/result_8.png  used on input lin
e 94.
(pdftex.def)             Requested size: 218.51521pt x 80.2148pt.

Underfull \hbox (badness 1314) in paragraph at lines 101--101
|[]\OT1/cmr/bx/n/14.4 Evaluasi Kin-erja Al-go-ritma Evo-lu-sioner (Kon-ver-gens
i
 []


LaTeX Warning: Reference `fig:balancer_monitor' on page 21 undefined on input l
ine 102.


Underfull \hbox (badness 1147) in paragraph at lines 102--103
\OT1/cmr/m/n/12 kon-ver-gensi pop-u-lasi pa-ram-e-ter \OT1/cmr/m/it/12 bal-ance
r \OT1/cmr/m/n/12 dari sim-u-lasi menuju op-ti-masi mak-si-mal
 []



[21 <./proposal/assets/images/result_5.png> <./proposal/assets/images/result_6.
png>]
<proposal/assets/images/result_4.png, id=353, 435.0654pt x 309.3156pt>
File: proposal/assets/images/result_4.png Graphic file (type png)
<use proposal/assets/images/result_4.png>
Package pdftex.def Info: proposal/assets/images/result_4.png  used on input lin
e 106.
(pdftex.def)             Requested size: 273.14923pt x 194.19965pt.
) (proposal/contents/006_bibliography.tex
No file proposal-main.bbl.
)

Package natbib Warning: There were undefined citations.



[22 <./proposal/assets/images/result_7.png> <./proposal/assets/images/result_8.
png> <./proposal/assets/images/result_4.png>] (proposal-main.aux)
 ***********
LaTeX2e <2025-06-01> patch level 1
L3 programming layer <2025-07-19>
 ***********


LaTeX Font Warning: Size substitutions with differences
(Font)              up to 0.72pt have occurred.


LaTeX Warning: There were undefined references.


LaTeX Warning: There were multiply-defined labels.


Package rerunfilecheck Warning: File `proposal-main.out' has changed.
(rerunfilecheck)                Rerun to get outlines right
(rerunfilecheck)                or use package `bookmark'.

Package rerunfilecheck Info: Checksums for `proposal-main.out':
(rerunfilecheck)             Before: 0BA270D340F3142BC5B1A96217A81AFF;4438
(rerunfilecheck)             After:  1D2EA793806D3D8E489FB3C9EB4ECB8D;8297.
 ) 
Here is how much of TeX's memory you used:
 39019 strings out of 468149
 882264 string characters out of 5426690
 1379512 words of memory out of 5000000
 66725 multiletter control sequences out of 15000+600000
 639000 words of font info for 84 fonts, out of 8000000 for 9000
 1207 hyphenation exceptions out of 8191
 99i,14n,103p,1914b,916s stack positions out of 10000i,1000n,20000p,200000b,200000s
 <C:\Users\MSI THIN 15 I7\AppData\Local\MiKTeX\fonts/pk/ljfour/jknappen/ec/dp
i600\tcrm1200.pk><C:/Users/MSI THIN 15 I7/AppData/Local/Programs/MiKTeX/fonts/t
ype1/public/amsfonts/cm/cmbx10.pfb><C:/Users/MSI THIN 15 I7/AppData/Local/Progr
ams/MiKTeX/fonts/type1/public/amsfonts/cm/cmbx12.pfb><C:/Users/MSI THIN 15 I7/A
ppData/Local/Programs/MiKTeX/fonts/type1/public/amsfonts/cm/cmbxti10.pfb><C:/Us
ers/MSI THIN 15 I7/AppData/Local/Programs/MiKTeX/fonts/type1/public/amsfonts/cm
/cmex10.pfb><C:/Users/MSI THIN 15 I7/AppData/Local/Programs/MiKTeX/fonts/type1/
public/amsfonts/cm/cmmi10.pfb><C:/Users/MSI THIN 15 I7/AppData/Local/Programs/M
iKTeX/fonts/type1/public/amsfonts/cm/cmmi12.pfb><C:/Users/MSI THIN 15 I7/AppDat
a/Local/Programs/MiKTeX/fonts/type1/public/amsfonts/cm/cmmi6.pfb><C:/Users/MSI 
THIN 15 I7/AppData/Local/Programs/MiKTeX/fonts/type1/public/amsfonts/cm/cmmi8.p
fb><C:/Users/MSI THIN 15 I7/AppData/Local/Programs/MiKTeX/fonts/type1/public/am
sfonts/cm/cmr10.pfb><C:/Users/MSI THIN 15 I7/AppData/Local/Programs/MiKTeX/font
s/type1/public/amsfonts/cm/cmr12.pfb><C:/Users/MSI THIN 15 I7/AppData/Local/Pro
grams/MiKTeX/fonts/type1/public/amsfonts/cm/cmr8.pfb><C:/Users/MSI THIN 15 I7/A
ppData/Local/Programs/MiKTeX/fonts/type1/public/amsfonts/cm/cmss12.pfb><C:/User
s/MSI THIN 15 I7/AppData/Local/Programs/MiKTeX/fonts/type1/public/amsfonts/cm/c
mssbx10.pfb><C:/Users/MSI THIN 15 I7/AppData/Local/Programs/MiKTeX/fonts/type1/
public/amsfonts/cm/cmsy10.pfb><C:/Users/MSI THIN 15 I7/AppData/Local/Programs/M
iKTeX/fonts/type1/public/amsfonts/cm/cmsy8.pfb><C:/Users/MSI THIN 15 I7/AppData
/Local/Programs/MiKTeX/fonts/type1/public/amsfonts/cm/cmti10.pfb><C:/Users/MSI 
THIN 15 I7/AppData/Local/Programs/MiKTeX/fonts/type1/public/amsfonts/cm/cmti12.
pfb><C:/Users/MSI THIN 15 I7/AppData/Local/Programs/MiKTeX/fonts/type1/public/a
msfonts/cm/cmtt12.pfb>
Output written on proposal-main.pdf (32 pages, 596135 bytes).
PDF statistics:
 469 PDF objects out of 1000 (max. 8388607)
 116 named destinations out of 1000 (max. 500000)
 319 words of extra memory for PDF output out of 10000 (max. 10000000)

